{"/Users/sum37/2025/ee309/EE309_ver5/src/lib/ast/codeModifier.ts": {"path":"/Users/sum37/2025/ee309/EE309_ver5/src/lib/ast/codeModifier.ts","statementMap":{"0":{"start":{"line":24,"column":2},"end":{"line":24,"column":null}},"1":{"start":{"line":27,"column":2},"end":{"line":33,"column":null}},"2":{"start":{"line":28,"column":19},"end":{"line":28,"column":null}},"3":{"start":{"line":29,"column":4},"end":{"line":32,"column":null}},"4":{"start":{"line":30,"column":6},"end":{"line":30,"column":null}},"5":{"start":{"line":31,"column":6},"end":{"line":31,"column":null}},"6":{"start":{"line":36,"column":2},"end":{"line":98,"column":null}},"7":{"start":{"line":37,"column":16},"end":{"line":46,"column":null}},"8":{"start":{"line":40,"column":10},"end":{"line":44,"column":null}},"9":{"start":{"line":48,"column":16},"end":{"line":48,"column":null}},"10":{"start":{"line":50,"column":4},"end":{"line":88,"column":null}},"11":{"start":{"line":52,"column":8},"end":{"line":52,"column":null}},"12":{"start":{"line":52,"column":19},"end":{"line":52,"column":null}},"13":{"start":{"line":54,"column":24},"end":{"line":54,"column":null}},"14":{"start":{"line":55,"column":24},"end":{"line":57,"column":null}},"15":{"start":{"line":60,"column":8},"end":{"line":70,"column":null}},"16":{"start":{"line":61,"column":10},"end":{"line":69,"column":null}},"17":{"start":{"line":65,"column":12},"end":{"line":65,"column":null}},"18":{"start":{"line":66,"column":12},"end":{"line":66,"column":null}},"19":{"start":{"line":67,"column":12},"end":{"line":67,"column":null}},"20":{"start":{"line":68,"column":12},"end":{"line":68,"column":null}},"21":{"start":{"line":73,"column":23},"end":{"line":80,"column":null}},"22":{"start":{"line":75,"column":12},"end":{"line":79,"column":null}},"23":{"start":{"line":82,"column":8},"end":{"line":86,"column":null}},"24":{"start":{"line":83,"column":10},"end":{"line":83,"column":null}},"25":{"start":{"line":84,"column":10},"end":{"line":84,"column":null}},"26":{"start":{"line":85,"column":10},"end":{"line":85,"column":null}},"27":{"start":{"line":90,"column":4},"end":{"line":92,"column":null}},"28":{"start":{"line":91,"column":6},"end":{"line":91,"column":null}},"29":{"start":{"line":94,"column":4},"end":{"line":94,"column":null}},"30":{"start":{"line":96,"column":4},"end":{"line":96,"column":null}},"31":{"start":{"line":97,"column":4},"end":{"line":97,"column":null}},"32":{"start":{"line":114,"column":16},"end":{"line":114,"column":null}},"33":{"start":{"line":115,"column":21},"end":{"line":115,"column":null}},"34":{"start":{"line":116,"column":18},"end":{"line":116,"column":null}},"35":{"start":{"line":118,"column":2},"end":{"line":121,"column":null}},"36":{"start":{"line":119,"column":4},"end":{"line":119,"column":null}},"37":{"start":{"line":120,"column":4},"end":{"line":120,"column":null}},"38":{"start":{"line":123,"column":15},"end":{"line":123,"column":null}},"39":{"start":{"line":124,"column":17},"end":{"line":124,"column":null}},"40":{"start":{"line":127,"column":19},"end":{"line":127,"column":null}},"41":{"start":{"line":128,"column":2},"end":{"line":131,"column":null}},"42":{"start":{"line":129,"column":4},"end":{"line":129,"column":null}},"43":{"start":{"line":130,"column":4},"end":{"line":130,"column":null}},"44":{"start":{"line":133,"column":18},"end":{"line":133,"column":null}},"45":{"start":{"line":134,"column":2},"end":{"line":134,"column":null}},"46":{"start":{"line":137,"column":47},"end":{"line":137,"column":null}},"47":{"start":{"line":138,"column":2},"end":{"line":142,"column":null}},"48":{"start":{"line":139,"column":4},"end":{"line":139,"column":null}},"49":{"start":{"line":140,"column":4},"end":{"line":140,"column":null}},"50":{"start":{"line":141,"column":4},"end":{"line":141,"column":null}},"51":{"start":{"line":143,"column":2},"end":{"line":146,"column":null}},"52":{"start":{"line":144,"column":4},"end":{"line":144,"column":null}},"53":{"start":{"line":145,"column":4},"end":{"line":145,"column":null}},"54":{"start":{"line":148,"column":2},"end":{"line":152,"column":null}},"55":{"start":{"line":149,"column":4},"end":{"line":151,"column":null}},"56":{"start":{"line":150,"column":6},"end":{"line":150,"column":null}},"57":{"start":{"line":155,"column":23},"end":{"line":155,"column":null}},"58":{"start":{"line":156,"column":2},"end":{"line":158,"column":null}},"59":{"start":{"line":156,"column":15},"end":{"line":156,"column":18}},"60":{"start":{"line":157,"column":4},"end":{"line":157,"column":null}},"61":{"start":{"line":159,"column":2},"end":{"line":159,"column":null}},"62":{"start":{"line":162,"column":26},"end":{"line":162,"column":null}},"63":{"start":{"line":163,"column":25},"end":{"line":163,"column":null}},"64":{"start":{"line":165,"column":2},"end":{"line":177,"column":null}},"65":{"start":{"line":165,"column":15},"end":{"line":165,"column":27}},"66":{"start":{"line":166,"column":24},"end":{"line":166,"column":null}},"67":{"start":{"line":167,"column":24},"end":{"line":167,"column":null}},"68":{"start":{"line":169,"column":4},"end":{"line":175,"column":null}},"69":{"start":{"line":169,"column":17},"end":{"line":169,"column":30}},"70":{"start":{"line":170,"column":6},"end":{"line":174,"column":null}},"71":{"start":{"line":171,"column":8},"end":{"line":171,"column":null}},"72":{"start":{"line":172,"column":8},"end":{"line":172,"column":null}},"73":{"start":{"line":173,"column":8},"end":{"line":173,"column":null}},"74":{"start":{"line":176,"column":4},"end":{"line":176,"column":null}},"75":{"start":{"line":176,"column":33},"end":{"line":176,"column":null}},"76":{"start":{"line":179,"column":2},"end":{"line":182,"column":null}},"77":{"start":{"line":180,"column":4},"end":{"line":180,"column":null}},"78":{"start":{"line":181,"column":4},"end":{"line":181,"column":null}},"79":{"start":{"line":185,"column":21},"end":{"line":185,"column":null}},"80":{"start":{"line":186,"column":2},"end":{"line":188,"column":null}},"81":{"start":{"line":186,"column":15},"end":{"line":186,"column":18}},"82":{"start":{"line":187,"column":4},"end":{"line":187,"column":null}},"83":{"start":{"line":189,"column":2},"end":{"line":189,"column":null}},"84":{"start":{"line":192,"column":28},"end":{"line":192,"column":null}},"85":{"start":{"line":194,"column":2},"end":{"line":194,"column":null}},"86":{"start":{"line":195,"column":2},"end":{"line":195,"column":null}},"87":{"start":{"line":198,"column":49},"end":{"line":198,"column":null}},"88":{"start":{"line":201,"column":24},"end":{"line":201,"column":null}},"89":{"start":{"line":202,"column":2},"end":{"line":279,"column":null}},"90":{"start":{"line":203,"column":21},"end":{"line":203,"column":null}},"91":{"start":{"line":204,"column":28},"end":{"line":204,"column":null}},"92":{"start":{"line":205,"column":26},"end":{"line":205,"column":null}},"93":{"start":{"line":207,"column":4},"end":{"line":217,"column":null}},"94":{"start":{"line":207,"column":17},"end":{"line":207,"column":36}},"95":{"start":{"line":208,"column":6},"end":{"line":216,"column":null}},"96":{"start":{"line":209,"column":8},"end":{"line":209,"column":null}},"97":{"start":{"line":210,"column":6},"end":{"line":216,"column":null}},"98":{"start":{"line":211,"column":8},"end":{"line":214,"column":null}},"99":{"start":{"line":212,"column":10},"end":{"line":212,"column":null}},"100":{"start":{"line":213,"column":10},"end":{"line":213,"column":null}},"101":{"start":{"line":215,"column":8},"end":{"line":215,"column":null}},"102":{"start":{"line":219,"column":4},"end":{"line":278,"column":null}},"103":{"start":{"line":220,"column":27},"end":{"line":220,"column":null}},"104":{"start":{"line":221,"column":6},"end":{"line":221,"column":null}},"105":{"start":{"line":224,"column":24},"end":{"line":224,"column":null}},"106":{"start":{"line":225,"column":21},"end":{"line":225,"column":null}},"107":{"start":{"line":226,"column":23},"end":{"line":226,"column":null}},"108":{"start":{"line":228,"column":6},"end":{"line":260,"column":null}},"109":{"start":{"line":228,"column":19},"end":{"line":228,"column":22}},"110":{"start":{"line":229,"column":21},"end":{"line":229,"column":null}},"111":{"start":{"line":231,"column":8},"end":{"line":238,"column":null}},"112":{"start":{"line":232,"column":10},"end":{"line":237,"column":null}},"113":{"start":{"line":233,"column":12},"end":{"line":233,"column":null}},"114":{"start":{"line":234,"column":12},"end":{"line":234,"column":null}},"115":{"start":{"line":235,"column":10},"end":{"line":237,"column":null}},"116":{"start":{"line":236,"column":12},"end":{"line":236,"column":null}},"117":{"start":{"line":240,"column":8},"end":{"line":259,"column":null}},"118":{"start":{"line":242,"column":23},"end":{"line":242,"column":null}},"119":{"start":{"line":243,"column":10},"end":{"line":255,"column":null}},"120":{"start":{"line":244,"column":31},"end":{"line":244,"column":null}},"121":{"start":{"line":245,"column":12},"end":{"line":254,"column":null}},"122":{"start":{"line":246,"column":26},"end":{"line":246,"column":null}},"123":{"start":{"line":247,"column":26},"end":{"line":247,"column":null}},"124":{"start":{"line":249,"column":14},"end":{"line":252,"column":null}},"125":{"start":{"line":251,"column":16},"end":{"line":251,"column":null}},"126":{"start":{"line":253,"column":14},"end":{"line":253,"column":null}},"127":{"start":{"line":256,"column":10},"end":{"line":256,"column":null}},"128":{"start":{"line":258,"column":10},"end":{"line":258,"column":null}},"129":{"start":{"line":263,"column":19},"end":{"line":263,"column":null}},"130":{"start":{"line":264,"column":6},"end":{"line":275,"column":null}},"131":{"start":{"line":265,"column":27},"end":{"line":265,"column":null}},"132":{"start":{"line":266,"column":8},"end":{"line":274,"column":null}},"133":{"start":{"line":267,"column":22},"end":{"line":267,"column":null}},"134":{"start":{"line":268,"column":22},"end":{"line":268,"column":null}},"135":{"start":{"line":269,"column":10},"end":{"line":272,"column":null}},"136":{"start":{"line":271,"column":12},"end":{"line":271,"column":null}},"137":{"start":{"line":273,"column":10},"end":{"line":273,"column":null}},"138":{"start":{"line":277,"column":6},"end":{"line":277,"column":null}},"139":{"start":{"line":282,"column":19},"end":{"line":282,"column":null}},"140":{"start":{"line":284,"column":2},"end":{"line":318,"column":null}},"141":{"start":{"line":285,"column":23},"end":{"line":285,"column":null}},"142":{"start":{"line":286,"column":21},"end":{"line":286,"column":null}},"143":{"start":{"line":287,"column":19},"end":{"line":287,"column":null}},"144":{"start":{"line":290,"column":4},"end":{"line":304,"column":null}},"145":{"start":{"line":290,"column":17},"end":{"line":290,"column":33}},"146":{"start":{"line":291,"column":6},"end":{"line":303,"column":null}},"147":{"start":{"line":292,"column":8},"end":{"line":292,"column":null}},"148":{"start":{"line":293,"column":6},"end":{"line":303,"column":null}},"149":{"start":{"line":294,"column":8},"end":{"line":302,"column":null}},"150":{"start":{"line":296,"column":10},"end":{"line":299,"column":null}},"151":{"start":{"line":297,"column":12},"end":{"line":297,"column":null}},"152":{"start":{"line":298,"column":12},"end":{"line":298,"column":null}},"153":{"start":{"line":301,"column":10},"end":{"line":301,"column":null}},"154":{"start":{"line":306,"column":4},"end":{"line":317,"column":null}},"155":{"start":{"line":308,"column":24},"end":{"line":308,"column":null}},"156":{"start":{"line":309,"column":6},"end":{"line":311,"column":null}},"157":{"start":{"line":310,"column":8},"end":{"line":310,"column":null}},"158":{"start":{"line":312,"column":6},"end":{"line":312,"column":null}},"159":{"start":{"line":315,"column":6},"end":{"line":315,"column":null}},"160":{"start":{"line":316,"column":6},"end":{"line":316,"column":null}},"161":{"start":{"line":321,"column":47},"end":{"line":321,"column":null}},"162":{"start":{"line":324,"column":25},"end":{"line":332,"column":null}},"163":{"start":{"line":327,"column":6},"end":{"line":329,"column":null}},"164":{"start":{"line":328,"column":8},"end":{"line":328,"column":null}},"165":{"start":{"line":330,"column":6},"end":{"line":330,"column":null}},"166":{"start":{"line":335,"column":24},"end":{"line":335,"column":null}},"167":{"start":{"line":336,"column":24},"end":{"line":338,"column":null}},"168":{"start":{"line":340,"column":2},"end":{"line":340,"column":null}},"169":{"start":{"line":343,"column":17},"end":{"line":343,"column":null}},"170":{"start":{"line":345,"column":2},"end":{"line":345,"column":null}},"171":{"start":{"line":356,"column":25},"end":{"line":356,"column":null}},"172":{"start":{"line":357,"column":18},"end":{"line":359,"column":null}},"173":{"start":{"line":358,"column":14},"end":{"line":358,"column":null}},"174":{"start":{"line":361,"column":44},"end":{"line":361,"column":null}},"175":{"start":{"line":363,"column":2},"end":{"line":367,"column":null}},"176":{"start":{"line":364,"column":4},"end":{"line":364,"column":null}},"177":{"start":{"line":365,"column":4},"end":{"line":365,"column":null}},"178":{"start":{"line":366,"column":4},"end":{"line":366,"column":null}},"179":{"start":{"line":369,"column":2},"end":{"line":372,"column":null}},"180":{"start":{"line":370,"column":4},"end":{"line":370,"column":null}},"181":{"start":{"line":371,"column":4},"end":{"line":371,"column":null}},"182":{"start":{"line":374,"column":2},"end":{"line":394,"column":null}},"183":{"start":{"line":376,"column":4},"end":{"line":378,"column":null}},"184":{"start":{"line":377,"column":6},"end":{"line":377,"column":null}},"185":{"start":{"line":381,"column":24},"end":{"line":388,"column":null}},"186":{"start":{"line":383,"column":8},"end":{"line":386,"column":null}},"187":{"start":{"line":389,"column":25},"end":{"line":392,"column":null}},"188":{"start":{"line":393,"column":4},"end":{"line":393,"column":null}},"189":{"start":{"line":398,"column":24},"end":{"line":398,"column":null}},"190":{"start":{"line":400,"column":2},"end":{"line":404,"column":null}},"191":{"start":{"line":401,"column":4},"end":{"line":403,"column":null}},"192":{"start":{"line":402,"column":6},"end":{"line":402,"column":null}},"193":{"start":{"line":407,"column":2},"end":{"line":419,"column":null}},"194":{"start":{"line":408,"column":4},"end":{"line":418,"column":null}},"195":{"start":{"line":409,"column":19},"end":{"line":409,"column":null}},"196":{"start":{"line":410,"column":6},"end":{"line":410,"column":null}},"197":{"start":{"line":412,"column":6},"end":{"line":417,"column":null}},"198":{"start":{"line":435,"column":2},"end":{"line":435,"column":null}},"199":{"start":{"line":438,"column":19},"end":{"line":438,"column":null}},"200":{"start":{"line":440,"column":2},"end":{"line":443,"column":null}},"201":{"start":{"line":441,"column":4},"end":{"line":441,"column":null}},"202":{"start":{"line":442,"column":4},"end":{"line":442,"column":null}},"203":{"start":{"line":451,"column":20},"end":{"line":451,"column":null}},"204":{"start":{"line":452,"column":19},"end":{"line":452,"column":null}},"205":{"start":{"line":455,"column":22},"end":{"line":455,"column":null}},"206":{"start":{"line":456,"column":48},"end":{"line":456,"column":null}},"207":{"start":{"line":459,"column":2},"end":{"line":461,"column":null}},"208":{"start":{"line":460,"column":4},"end":{"line":460,"column":null}},"209":{"start":{"line":463,"column":2},"end":{"line":478,"column":null}},"210":{"start":{"line":464,"column":4},"end":{"line":464,"column":null}},"211":{"start":{"line":466,"column":24},"end":{"line":466,"column":null}},"212":{"start":{"line":467,"column":22},"end":{"line":467,"column":null}},"213":{"start":{"line":469,"column":4},"end":{"line":477,"column":null}},"214":{"start":{"line":470,"column":6},"end":{"line":470,"column":null}},"215":{"start":{"line":473,"column":26},"end":{"line":473,"column":null}},"216":{"start":{"line":474,"column":23},"end":{"line":474,"column":null}},"217":{"start":{"line":475,"column":26},"end":{"line":475,"column":null}},"218":{"start":{"line":476,"column":6},"end":{"line":476,"column":null}},"219":{"start":{"line":481,"column":2},"end":{"line":507,"column":null}},"220":{"start":{"line":482,"column":30},"end":{"line":482,"column":null}},"221":{"start":{"line":483,"column":50},"end":{"line":483,"column":null}},"222":{"start":{"line":485,"column":4},"end":{"line":487,"column":null}},"223":{"start":{"line":486,"column":6},"end":{"line":486,"column":null}},"224":{"start":{"line":489,"column":4},"end":{"line":506,"column":null}},"225":{"start":{"line":490,"column":6},"end":{"line":490,"column":null}},"226":{"start":{"line":493,"column":23},"end":{"line":493,"column":null}},"227":{"start":{"line":494,"column":26},"end":{"line":494,"column":null}},"228":{"start":{"line":495,"column":24},"end":{"line":495,"column":null}},"229":{"start":{"line":497,"column":6},"end":{"line":505,"column":null}},"230":{"start":{"line":498,"column":8},"end":{"line":498,"column":null}},"231":{"start":{"line":501,"column":28},"end":{"line":501,"column":null}},"232":{"start":{"line":502,"column":25},"end":{"line":502,"column":null}},"233":{"start":{"line":503,"column":28},"end":{"line":503,"column":null}},"234":{"start":{"line":504,"column":8},"end":{"line":504,"column":null}},"235":{"start":{"line":510,"column":2},"end":{"line":534,"column":null}},"236":{"start":{"line":511,"column":28},"end":{"line":511,"column":null}},"237":{"start":{"line":512,"column":49},"end":{"line":512,"column":null}},"238":{"start":{"line":514,"column":4},"end":{"line":516,"column":null}},"239":{"start":{"line":515,"column":6},"end":{"line":515,"column":null}},"240":{"start":{"line":518,"column":4},"end":{"line":533,"column":null}},"241":{"start":{"line":519,"column":6},"end":{"line":519,"column":null}},"242":{"start":{"line":521,"column":25},"end":{"line":521,"column":null}},"243":{"start":{"line":522,"column":24},"end":{"line":522,"column":null}},"244":{"start":{"line":524,"column":6},"end":{"line":532,"column":null}},"245":{"start":{"line":525,"column":8},"end":{"line":525,"column":null}},"246":{"start":{"line":528,"column":28},"end":{"line":528,"column":null}},"247":{"start":{"line":529,"column":25},"end":{"line":529,"column":null}},"248":{"start":{"line":530,"column":28},"end":{"line":530,"column":null}},"249":{"start":{"line":531,"column":8},"end":{"line":531,"column":null}},"250":{"start":{"line":536,"column":2},"end":{"line":539,"column":null}},"251":{"start":{"line":537,"column":4},"end":{"line":537,"column":null}},"252":{"start":{"line":538,"column":4},"end":{"line":538,"column":null}},"253":{"start":{"line":541,"column":2},"end":{"line":541,"column":null}},"254":{"start":{"line":544,"column":27},"end":{"line":544,"column":null}},"255":{"start":{"line":546,"column":17},"end":{"line":546,"column":null}},"256":{"start":{"line":548,"column":2},"end":{"line":548,"column":null}},"257":{"start":{"line":550,"column":2},"end":{"line":550,"column":null}},"258":{"start":{"line":558,"column":19},"end":{"line":558,"column":null}},"259":{"start":{"line":559,"column":17},"end":{"line":559,"column":null}},"260":{"start":{"line":560,"column":19},"end":{"line":560,"column":null}},"261":{"start":{"line":561,"column":19},"end":{"line":561,"column":null}},"262":{"start":{"line":563,"column":2},"end":{"line":595,"column":null}},"263":{"start":{"line":563,"column":15},"end":{"line":563,"column":18}},"264":{"start":{"line":564,"column":17},"end":{"line":564,"column":null}},"265":{"start":{"line":565,"column":21},"end":{"line":565,"column":null}},"266":{"start":{"line":568,"column":4},"end":{"line":576,"column":null}},"267":{"start":{"line":569,"column":6},"end":{"line":574,"column":null}},"268":{"start":{"line":570,"column":8},"end":{"line":570,"column":null}},"269":{"start":{"line":571,"column":8},"end":{"line":571,"column":null}},"270":{"start":{"line":572,"column":6},"end":{"line":574,"column":null}},"271":{"start":{"line":573,"column":8},"end":{"line":573,"column":null}},"272":{"start":{"line":575,"column":6},"end":{"line":575,"column":null}},"273":{"start":{"line":578,"column":4},"end":{"line":578,"column":null}},"274":{"start":{"line":578,"column":18},"end":{"line":578,"column":null}},"275":{"start":{"line":581,"column":4},"end":{"line":582,"column":null}},"276":{"start":{"line":581,"column":22},"end":{"line":581,"column":null}},"277":{"start":{"line":581,"column":22},"end":{"line":582,"column":null}},"278":{"start":{"line":582,"column":27},"end":{"line":582,"column":null}},"279":{"start":{"line":585,"column":4},"end":{"line":585,"column":null}},"280":{"start":{"line":585,"column":22},"end":{"line":585,"column":null}},"281":{"start":{"line":588,"column":4},"end":{"line":594,"column":null}},"282":{"start":{"line":590,"column":6},"end":{"line":592,"column":null}},"283":{"start":{"line":591,"column":8},"end":{"line":591,"column":null}},"284":{"start":{"line":593,"column":6},"end":{"line":593,"column":null}},"285":{"start":{"line":597,"column":2},"end":{"line":597,"column":null}},"286":{"start":{"line":608,"column":34},"end":{"line":608,"column":null}},"287":{"start":{"line":611,"column":18},"end":{"line":611,"column":null}},"288":{"start":{"line":614,"column":20},"end":{"line":614,"column":null}},"289":{"start":{"line":616,"column":2},"end":{"line":662,"column":null}},"290":{"start":{"line":618,"column":6},"end":{"line":618,"column":null}},"291":{"start":{"line":621,"column":6},"end":{"line":621,"column":null}},"292":{"start":{"line":624,"column":6},"end":{"line":624,"column":null}},"293":{"start":{"line":628,"column":25},"end":{"line":628,"column":null}},"294":{"start":{"line":629,"column":6},"end":{"line":629,"column":null}},"295":{"start":{"line":632,"column":6},"end":{"line":632,"column":null}},"296":{"start":{"line":635,"column":6},"end":{"line":635,"column":null}},"297":{"start":{"line":640,"column":6},"end":{"line":640,"column":null}},"298":{"start":{"line":645,"column":6},"end":{"line":645,"column":null}},"299":{"start":{"line":650,"column":6},"end":{"line":650,"column":null}},"300":{"start":{"line":655,"column":6},"end":{"line":655,"column":null}},"301":{"start":{"line":660,"column":6},"end":{"line":660,"column":null}},"302":{"start":{"line":661,"column":6},"end":{"line":661,"column":null}},"303":{"start":{"line":676,"column":2},"end":{"line":676,"column":null}},"304":{"start":{"line":678,"column":19},"end":{"line":678,"column":null}},"305":{"start":{"line":679,"column":20},"end":{"line":679,"column":null}},"306":{"start":{"line":682,"column":21},"end":{"line":682,"column":null}},"307":{"start":{"line":685,"column":20},"end":{"line":685,"column":null}},"308":{"start":{"line":686,"column":19},"end":{"line":686,"column":null}},"309":{"start":{"line":689,"column":22},"end":{"line":689,"column":null}},"310":{"start":{"line":690,"column":48},"end":{"line":690,"column":null}},"311":{"start":{"line":693,"column":2},"end":{"line":695,"column":null}},"312":{"start":{"line":694,"column":4},"end":{"line":694,"column":null}},"313":{"start":{"line":697,"column":2},"end":{"line":709,"column":null}},"314":{"start":{"line":698,"column":24},"end":{"line":698,"column":null}},"315":{"start":{"line":699,"column":22},"end":{"line":699,"column":null}},"316":{"start":{"line":701,"column":4},"end":{"line":708,"column":null}},"317":{"start":{"line":702,"column":6},"end":{"line":702,"column":null}},"318":{"start":{"line":704,"column":26},"end":{"line":704,"column":null}},"319":{"start":{"line":705,"column":23},"end":{"line":705,"column":null}},"320":{"start":{"line":706,"column":26},"end":{"line":706,"column":null}},"321":{"start":{"line":707,"column":6},"end":{"line":707,"column":null}},"322":{"start":{"line":712,"column":2},"end":{"line":734,"column":null}},"323":{"start":{"line":713,"column":30},"end":{"line":713,"column":null}},"324":{"start":{"line":714,"column":50},"end":{"line":714,"column":null}},"325":{"start":{"line":716,"column":4},"end":{"line":718,"column":null}},"326":{"start":{"line":717,"column":6},"end":{"line":717,"column":null}},"327":{"start":{"line":720,"column":4},"end":{"line":733,"column":null}},"328":{"start":{"line":721,"column":23},"end":{"line":721,"column":null}},"329":{"start":{"line":722,"column":26},"end":{"line":722,"column":null}},"330":{"start":{"line":723,"column":24},"end":{"line":723,"column":null}},"331":{"start":{"line":725,"column":6},"end":{"line":732,"column":null}},"332":{"start":{"line":726,"column":8},"end":{"line":726,"column":null}},"333":{"start":{"line":728,"column":28},"end":{"line":728,"column":null}},"334":{"start":{"line":729,"column":25},"end":{"line":729,"column":null}},"335":{"start":{"line":730,"column":28},"end":{"line":730,"column":null}},"336":{"start":{"line":731,"column":8},"end":{"line":731,"column":null}},"337":{"start":{"line":736,"column":2},"end":{"line":739,"column":null}},"338":{"start":{"line":737,"column":4},"end":{"line":737,"column":null}},"339":{"start":{"line":738,"column":4},"end":{"line":738,"column":null}},"340":{"start":{"line":741,"column":29},"end":{"line":741,"column":null}},"341":{"start":{"line":742,"column":17},"end":{"line":742,"column":null}},"342":{"start":{"line":744,"column":2},"end":{"line":744,"column":null}},"343":{"start":{"line":746,"column":2},"end":{"line":746,"column":null}},"344":{"start":{"line":760,"column":2},"end":{"line":760,"column":null}},"345":{"start":{"line":762,"column":16},"end":{"line":762,"column":null}},"346":{"start":{"line":763,"column":21},"end":{"line":763,"column":null}},"347":{"start":{"line":764,"column":18},"end":{"line":764,"column":null}},"348":{"start":{"line":766,"column":2},"end":{"line":769,"column":null}},"349":{"start":{"line":767,"column":4},"end":{"line":767,"column":null}},"350":{"start":{"line":768,"column":4},"end":{"line":768,"column":null}},"351":{"start":{"line":772,"column":23},"end":{"line":772,"column":null}},"352":{"start":{"line":773,"column":2},"end":{"line":775,"column":null}},"353":{"start":{"line":773,"column":15},"end":{"line":773,"column":18}},"354":{"start":{"line":774,"column":4},"end":{"line":774,"column":null}},"355":{"start":{"line":776,"column":2},"end":{"line":776,"column":null}},"356":{"start":{"line":779,"column":21},"end":{"line":779,"column":null}},"357":{"start":{"line":780,"column":2},"end":{"line":782,"column":null}},"358":{"start":{"line":780,"column":15},"end":{"line":780,"column":18}},"359":{"start":{"line":781,"column":4},"end":{"line":781,"column":null}},"360":{"start":{"line":783,"column":2},"end":{"line":783,"column":null}},"361":{"start":{"line":786,"column":25},"end":{"line":786,"column":null}},"362":{"start":{"line":787,"column":2},"end":{"line":787,"column":null}},"363":{"start":{"line":790,"column":22},"end":{"line":790,"column":null}},"364":{"start":{"line":791,"column":19},"end":{"line":791,"column":null}},"365":{"start":{"line":792,"column":17},"end":{"line":792,"column":null}},"366":{"start":{"line":793,"column":19},"end":{"line":793,"column":null}},"367":{"start":{"line":795,"column":2},"end":{"line":820,"column":null}},"368":{"start":{"line":795,"column":15},"end":{"line":795,"column":18}},"369":{"start":{"line":796,"column":17},"end":{"line":796,"column":null}},"370":{"start":{"line":799,"column":4},"end":{"line":807,"column":null}},"371":{"start":{"line":800,"column":6},"end":{"line":805,"column":null}},"372":{"start":{"line":801,"column":8},"end":{"line":801,"column":null}},"373":{"start":{"line":802,"column":8},"end":{"line":802,"column":null}},"374":{"start":{"line":803,"column":6},"end":{"line":805,"column":null}},"375":{"start":{"line":804,"column":8},"end":{"line":804,"column":null}},"376":{"start":{"line":806,"column":6},"end":{"line":806,"column":null}},"377":{"start":{"line":809,"column":4},"end":{"line":809,"column":null}},"378":{"start":{"line":809,"column":18},"end":{"line":809,"column":null}},"379":{"start":{"line":812,"column":4},"end":{"line":813,"column":null}},"380":{"start":{"line":812,"column":22},"end":{"line":812,"column":null}},"381":{"start":{"line":812,"column":22},"end":{"line":813,"column":null}},"382":{"start":{"line":813,"column":27},"end":{"line":813,"column":null}},"383":{"start":{"line":816,"column":4},"end":{"line":819,"column":null}},"384":{"start":{"line":817,"column":6},"end":{"line":817,"column":null}},"385":{"start":{"line":818,"column":6},"end":{"line":818,"column":null}},"386":{"start":{"line":822,"column":2},"end":{"line":825,"column":null}},"387":{"start":{"line":823,"column":4},"end":{"line":823,"column":null}},"388":{"start":{"line":824,"column":4},"end":{"line":824,"column":null}},"389":{"start":{"line":828,"column":26},"end":{"line":828,"column":null}},"390":{"start":{"line":829,"column":2},"end":{"line":832,"column":null}},"391":{"start":{"line":830,"column":4},"end":{"line":830,"column":null}},"392":{"start":{"line":831,"column":4},"end":{"line":831,"column":null}},"393":{"start":{"line":834,"column":26},"end":{"line":834,"column":null}},"394":{"start":{"line":837,"column":21},"end":{"line":837,"column":null}},"395":{"start":{"line":838,"column":21},"end":{"line":838,"column":null}},"396":{"start":{"line":841,"column":22},"end":{"line":844,"column":null}},"397":{"start":{"line":846,"column":28},"end":{"line":846,"column":null}},"398":{"start":{"line":848,"column":2},"end":{"line":848,"column":null}},"399":{"start":{"line":851,"column":17},"end":{"line":851,"column":null}},"400":{"start":{"line":853,"column":2},"end":{"line":853,"column":null}},"401":{"start":{"line":867,"column":2},"end":{"line":867,"column":null}},"402":{"start":{"line":869,"column":16},"end":{"line":869,"column":null}},"403":{"start":{"line":870,"column":21},"end":{"line":870,"column":null}},"404":{"start":{"line":871,"column":18},"end":{"line":871,"column":null}},"405":{"start":{"line":873,"column":2},"end":{"line":876,"column":null}},"406":{"start":{"line":874,"column":4},"end":{"line":874,"column":null}},"407":{"start":{"line":875,"column":4},"end":{"line":875,"column":null}},"408":{"start":{"line":879,"column":23},"end":{"line":879,"column":null}},"409":{"start":{"line":880,"column":2},"end":{"line":882,"column":null}},"410":{"start":{"line":880,"column":15},"end":{"line":880,"column":18}},"411":{"start":{"line":881,"column":4},"end":{"line":881,"column":null}},"412":{"start":{"line":883,"column":2},"end":{"line":883,"column":null}},"413":{"start":{"line":885,"column":21},"end":{"line":885,"column":null}},"414":{"start":{"line":886,"column":2},"end":{"line":888,"column":null}},"415":{"start":{"line":886,"column":15},"end":{"line":886,"column":18}},"416":{"start":{"line":887,"column":4},"end":{"line":887,"column":null}},"417":{"start":{"line":889,"column":2},"end":{"line":889,"column":null}},"418":{"start":{"line":892,"column":21},"end":{"line":892,"column":null}},"419":{"start":{"line":893,"column":2},"end":{"line":893,"column":null}},"420":{"start":{"line":896,"column":23},"end":{"line":896,"column":null}},"421":{"start":{"line":899,"column":22},"end":{"line":899,"column":null}},"422":{"start":{"line":900,"column":2},"end":{"line":908,"column":null}},"423":{"start":{"line":901,"column":4},"end":{"line":901,"column":null}},"424":{"start":{"line":904,"column":30},"end":{"line":904,"column":null}},"425":{"start":{"line":905,"column":4},"end":{"line":907,"column":null}},"426":{"start":{"line":906,"column":6},"end":{"line":906,"column":null}},"427":{"start":{"line":910,"column":2},"end":{"line":913,"column":null}},"428":{"start":{"line":911,"column":4},"end":{"line":911,"column":null}},"429":{"start":{"line":912,"column":4},"end":{"line":912,"column":null}},"430":{"start":{"line":916,"column":17},"end":{"line":916,"column":null}},"431":{"start":{"line":917,"column":2},"end":{"line":917,"column":null}},"432":{"start":{"line":919,"column":2},"end":{"line":919,"column":null}},"433":{"start":{"line":935,"column":2},"end":{"line":935,"column":null}},"434":{"start":{"line":937,"column":16},"end":{"line":937,"column":null}},"435":{"start":{"line":938,"column":21},"end":{"line":938,"column":null}},"436":{"start":{"line":939,"column":18},"end":{"line":939,"column":null}},"437":{"start":{"line":941,"column":2},"end":{"line":944,"column":null}},"438":{"start":{"line":942,"column":4},"end":{"line":942,"column":null}},"439":{"start":{"line":943,"column":4},"end":{"line":943,"column":null}},"440":{"start":{"line":947,"column":23},"end":{"line":947,"column":null}},"441":{"start":{"line":948,"column":2},"end":{"line":950,"column":null}},"442":{"start":{"line":948,"column":15},"end":{"line":948,"column":18}},"443":{"start":{"line":949,"column":4},"end":{"line":949,"column":null}},"444":{"start":{"line":951,"column":2},"end":{"line":951,"column":null}},"445":{"start":{"line":953,"column":21},"end":{"line":953,"column":null}},"446":{"start":{"line":954,"column":2},"end":{"line":956,"column":null}},"447":{"start":{"line":954,"column":15},"end":{"line":954,"column":18}},"448":{"start":{"line":955,"column":4},"end":{"line":955,"column":null}},"449":{"start":{"line":957,"column":2},"end":{"line":957,"column":null}},"450":{"start":{"line":960,"column":21},"end":{"line":960,"column":null}},"451":{"start":{"line":961,"column":2},"end":{"line":961,"column":null}},"452":{"start":{"line":963,"column":23},"end":{"line":963,"column":null}},"453":{"start":{"line":965,"column":2},"end":{"line":989,"column":null}},"454":{"start":{"line":968,"column":26},"end":{"line":968,"column":null}},"455":{"start":{"line":969,"column":31},"end":{"line":969,"column":null}},"456":{"start":{"line":971,"column":4},"end":{"line":976,"column":null}},"457":{"start":{"line":972,"column":6},"end":{"line":972,"column":null}},"458":{"start":{"line":975,"column":6},"end":{"line":975,"column":null}},"459":{"start":{"line":978,"column":4},"end":{"line":983,"column":null}},"460":{"start":{"line":979,"column":6},"end":{"line":979,"column":null}},"461":{"start":{"line":982,"column":6},"end":{"line":982,"column":null}},"462":{"start":{"line":986,"column":4},"end":{"line":988,"column":null}},"463":{"start":{"line":991,"column":2},"end":{"line":994,"column":null}},"464":{"start":{"line":992,"column":4},"end":{"line":992,"column":null}},"465":{"start":{"line":993,"column":4},"end":{"line":993,"column":null}},"466":{"start":{"line":997,"column":17},"end":{"line":997,"column":null}},"467":{"start":{"line":998,"column":2},"end":{"line":998,"column":null}},"468":{"start":{"line":1000,"column":2},"end":{"line":1000,"column":null}},"469":{"start":{"line":1012,"column":2},"end":{"line":1012,"column":null}},"470":{"start":{"line":1014,"column":16},"end":{"line":1014,"column":null}},"471":{"start":{"line":1015,"column":21},"end":{"line":1015,"column":null}},"472":{"start":{"line":1016,"column":18},"end":{"line":1016,"column":null}},"473":{"start":{"line":1018,"column":2},"end":{"line":1021,"column":null}},"474":{"start":{"line":1019,"column":4},"end":{"line":1019,"column":null}},"475":{"start":{"line":1020,"column":4},"end":{"line":1020,"column":null}},"476":{"start":{"line":1024,"column":23},"end":{"line":1024,"column":null}},"477":{"start":{"line":1025,"column":2},"end":{"line":1027,"column":null}},"478":{"start":{"line":1025,"column":15},"end":{"line":1025,"column":18}},"479":{"start":{"line":1026,"column":4},"end":{"line":1026,"column":null}},"480":{"start":{"line":1028,"column":2},"end":{"line":1028,"column":null}},"481":{"start":{"line":1031,"column":21},"end":{"line":1031,"column":null}},"482":{"start":{"line":1032,"column":2},"end":{"line":1034,"column":null}},"483":{"start":{"line":1032,"column":15},"end":{"line":1032,"column":18}},"484":{"start":{"line":1033,"column":4},"end":{"line":1033,"column":null}},"485":{"start":{"line":1035,"column":2},"end":{"line":1035,"column":null}},"486":{"start":{"line":1038,"column":25},"end":{"line":1038,"column":null}},"487":{"start":{"line":1039,"column":2},"end":{"line":1039,"column":null}},"488":{"start":{"line":1042,"column":20},"end":{"line":1042,"column":null}},"489":{"start":{"line":1043,"column":2},"end":{"line":1045,"column":null}},"490":{"start":{"line":1044,"column":4},"end":{"line":1044,"column":null}},"491":{"start":{"line":1047,"column":2},"end":{"line":1049,"column":null}},"492":{"start":{"line":1048,"column":4},"end":{"line":1048,"column":null}},"493":{"start":{"line":1052,"column":17},"end":{"line":1052,"column":null}},"494":{"start":{"line":1054,"column":2},"end":{"line":1054,"column":null}},"495":{"start":{"line":1056,"column":2},"end":{"line":1056,"column":null}}},"fnMap":{"0":{"name":"updateElementInCode","decl":{"start":{"line":14,"column":16},"end":{"line":14,"column":null}},"loc":{"start":{"line":23,"column":10},"end":{"line":99,"column":null}},"line":23},"1":{"name":"(anonymous_1)","decl":{"start":{"line":39,"column":15},"end":{"line":39,"column":16}},"loc":{"start":{"line":40,"column":10},"end":{"line":44,"column":null}},"line":40},"2":{"name":"(anonymous_2)","decl":{"start":{"line":51,"column":6},"end":{"line":51,"column":17}},"loc":{"start":{"line":51,"column":23},"end":{"line":87,"column":null}},"line":51},"3":{"name":"(anonymous_3)","decl":{"start":{"line":74,"column":10},"end":{"line":74,"column":11}},"loc":{"start":{"line":75,"column":12},"end":{"line":79,"column":null}},"line":75},"4":{"name":"updateCodeByLocation","decl":{"start":{"line":105,"column":9},"end":{"line":105,"column":null}},"loc":{"start":{"line":113,"column":10},"end":{"line":346,"column":null}},"line":113},"5":{"name":"(anonymous_5)","decl":{"start":{"line":149,"column":42},"end":{"line":149,"column":43}},"loc":{"start":{"line":149,"column":60},"end":{"line":151,"column":5}},"line":149},"6":{"name":"(anonymous_6)","decl":{"start":{"line":325,"column":9},"end":{"line":325,"column":10}},"loc":{"start":{"line":325,"column":27},"end":{"line":331,"column":5}},"line":325},"7":{"name":"updateJSXElementStyle","decl":{"start":{"line":348,"column":9},"end":{"line":348,"column":null}},"loc":{"start":{"line":355,"column":2},"end":{"line":395,"column":null}},"line":355},"8":{"name":"(anonymous_8)","decl":{"start":{"line":358,"column":4},"end":{"line":358,"column":5}},"loc":{"start":{"line":358,"column":14},"end":{"line":358,"column":null}},"line":358},"9":{"name":"(anonymous_9)","decl":{"start":{"line":382,"column":39},"end":{"line":382,"column":40}},"loc":{"start":{"line":383,"column":8},"end":{"line":386,"column":null}},"line":383},"10":{"name":"updateObjectExpression","decl":{"start":{"line":397,"column":9},"end":{"line":397,"column":32}},"loc":{"start":{"line":397,"column":88},"end":{"line":420,"column":null}},"line":397},"11":{"name":"(anonymous_11)","decl":{"start":{"line":400,"column":26},"end":{"line":400,"column":27}},"loc":{"start":{"line":400,"column":36},"end":{"line":404,"column":3}},"line":400},"12":{"name":"(anonymous_12)","decl":{"start":{"line":407,"column":34},"end":{"line":407,"column":35}},"loc":{"start":{"line":407,"column":52},"end":{"line":419,"column":3}},"line":407},"13":{"name":"insertShapeInCode","decl":{"start":{"line":429,"column":16},"end":{"line":429,"column":null}},"loc":{"start":{"line":434,"column":10},"end":{"line":551,"column":null}},"line":434},"14":{"name":"findOpeningTagEnd","decl":{"start":{"line":557,"column":9},"end":{"line":557,"column":27}},"loc":{"start":{"line":557,"column":49},"end":{"line":598,"column":null}},"line":557},"15":{"name":"generateShapeJSX","decl":{"start":{"line":603,"column":9},"end":{"line":603,"column":null}},"loc":{"start":{"line":607,"column":17},"end":{"line":663,"column":null}},"line":607},"16":{"name":"insertTextBoxInCode","decl":{"start":{"line":671,"column":16},"end":{"line":671,"column":null}},"loc":{"start":{"line":675,"column":10},"end":{"line":747,"column":null}},"line":675},"17":{"name":"updateTextInCode","decl":{"start":{"line":755,"column":16},"end":{"line":755,"column":null}},"loc":{"start":{"line":759,"column":10},"end":{"line":854,"column":null}},"line":759},"18":{"name":"updateSvgFillColor","decl":{"start":{"line":862,"column":16},"end":{"line":862,"column":null}},"loc":{"start":{"line":866,"column":10},"end":{"line":920,"column":null}},"line":866},"19":{"name":"updateSvgStroke","decl":{"start":{"line":929,"column":16},"end":{"line":929,"column":null}},"loc":{"start":{"line":934,"column":10},"end":{"line":1001,"column":null}},"line":934},"20":{"name":"deleteElementFromCode","decl":{"start":{"line":1008,"column":16},"end":{"line":1008,"column":null}},"loc":{"start":{"line":1011,"column":10},"end":{"line":1057,"column":null}},"line":1011}},"branchMap":{"0":{"loc":{"start":{"line":27,"column":2},"end":{"line":33,"column":null}},"type":"if","locations":[{"start":{"line":27,"column":2},"end":{"line":33,"column":null}},{"start":{},"end":{}}],"line":27},"1":{"loc":{"start":{"line":29,"column":4},"end":{"line":32,"column":null}},"type":"if","locations":[{"start":{"line":29,"column":4},"end":{"line":32,"column":null}},{"start":{},"end":{}}],"line":29},"2":{"loc":{"start":{"line":52,"column":8},"end":{"line":52,"column":null}},"type":"if","locations":[{"start":{"line":52,"column":8},"end":{"line":52,"column":null}},{"start":{},"end":{}}],"line":52},"3":{"loc":{"start":{"line":55,"column":24},"end":{"line":57,"column":null}},"type":"cond-expr","locations":[{"start":{"line":56,"column":12},"end":{"line":56,"column":null}},{"start":{"line":57,"column":12},"end":{"line":57,"column":null}}],"line":55},"4":{"loc":{"start":{"line":60,"column":8},"end":{"line":70,"column":null}},"type":"if","locations":[{"start":{"line":60,"column":8},"end":{"line":70,"column":null}},{"start":{},"end":{}}],"line":60},"5":{"loc":{"start":{"line":60,"column":12},"end":{"line":60,"column":28}},"type":"binary-expr","locations":[{"start":{"line":60,"column":12},"end":{"line":60,"column":19}},{"start":{"line":60,"column":19},"end":{"line":60,"column":28}}],"line":60},"6":{"loc":{"start":{"line":61,"column":10},"end":{"line":69,"column":null}},"type":"if","locations":[{"start":{"line":61,"column":10},"end":{"line":69,"column":null}},{"start":{},"end":{}}],"line":61},"7":{"loc":{"start":{"line":62,"column":12},"end":{"line":63,"column":null}},"type":"binary-expr","locations":[{"start":{"line":62,"column":12},"end":{"line":62,"column":null}},{"start":{"line":63,"column":12},"end":{"line":63,"column":null}}],"line":62},"8":{"loc":{"start":{"line":75,"column":12},"end":{"line":79,"column":null}},"type":"binary-expr","locations":[{"start":{"line":75,"column":12},"end":{"line":75,"column":null}},{"start":{"line":76,"column":12},"end":{"line":76,"column":null}},{"start":{"line":77,"column":12},"end":{"line":77,"column":null}},{"start":{"line":78,"column":12},"end":{"line":78,"column":null}},{"start":{"line":79,"column":12},"end":{"line":79,"column":null}}],"line":75},"9":{"loc":{"start":{"line":82,"column":8},"end":{"line":86,"column":null}},"type":"if","locations":[{"start":{"line":82,"column":8},"end":{"line":86,"column":null}},{"start":{},"end":{}}],"line":82},"10":{"loc":{"start":{"line":90,"column":4},"end":{"line":92,"column":null}},"type":"if","locations":[{"start":{"line":90,"column":4},"end":{"line":92,"column":null}},{"start":{},"end":{}}],"line":90},"11":{"loc":{"start":{"line":118,"column":2},"end":{"line":121,"column":null}},"type":"if","locations":[{"start":{"line":118,"column":2},"end":{"line":121,"column":null}},{"start":{},"end":{}}],"line":118},"12":{"loc":{"start":{"line":118,"column":6},"end":{"line":118,"column":52}},"type":"binary-expr","locations":[{"start":{"line":118,"column":6},"end":{"line":118,"column":24}},{"start":{"line":118,"column":24},"end":{"line":118,"column":52}}],"line":118},"13":{"loc":{"start":{"line":128,"column":2},"end":{"line":131,"column":null}},"type":"if","locations":[{"start":{"line":128,"column":2},"end":{"line":131,"column":null}},{"start":{},"end":{}}],"line":128},"14":{"loc":{"start":{"line":138,"column":2},"end":{"line":142,"column":null}},"type":"if","locations":[{"start":{"line":138,"column":2},"end":{"line":142,"column":null}},{"start":{},"end":{}}],"line":138},"15":{"loc":{"start":{"line":143,"column":2},"end":{"line":146,"column":null}},"type":"if","locations":[{"start":{"line":143,"column":2},"end":{"line":146,"column":null}},{"start":{},"end":{}}],"line":143},"16":{"loc":{"start":{"line":148,"column":2},"end":{"line":152,"column":null}},"type":"if","locations":[{"start":{"line":148,"column":2},"end":{"line":152,"column":null}},{"start":{},"end":{}}],"line":148},"17":{"loc":{"start":{"line":167,"column":24},"end":{"line":167,"column":null}},"type":"cond-expr","locations":[{"start":{"line":167,"column":43},"end":{"line":167,"column":52}},{"start":{"line":167,"column":52},"end":{"line":167,"column":null}}],"line":167},"18":{"loc":{"start":{"line":170,"column":6},"end":{"line":174,"column":null}},"type":"if","locations":[{"start":{"line":170,"column":6},"end":{"line":174,"column":null}},{"start":{},"end":{}}],"line":170},"19":{"loc":{"start":{"line":170,"column":10},"end":{"line":170,"column":73}},"type":"binary-expr","locations":[{"start":{"line":170,"column":10},"end":{"line":170,"column":36}},{"start":{"line":170,"column":36},"end":{"line":170,"column":45}},{"start":{"line":170,"column":45},"end":{"line":170,"column":73}}],"line":170},"20":{"loc":{"start":{"line":176,"column":4},"end":{"line":176,"column":null}},"type":"if","locations":[{"start":{"line":176,"column":4},"end":{"line":176,"column":null}},{"start":{},"end":{}}],"line":176},"21":{"loc":{"start":{"line":179,"column":2},"end":{"line":182,"column":null}},"type":"if","locations":[{"start":{"line":179,"column":2},"end":{"line":182,"column":null}},{"start":{},"end":{}}],"line":179},"22":{"loc":{"start":{"line":202,"column":2},"end":{"line":279,"column":null}},"type":"if","locations":[{"start":{"line":202,"column":2},"end":{"line":279,"column":null}},{"start":{},"end":{}}],"line":202},"23":{"loc":{"start":{"line":208,"column":6},"end":{"line":216,"column":null}},"type":"if","locations":[{"start":{"line":208,"column":6},"end":{"line":216,"column":null}},{"start":{"line":210,"column":6},"end":{"line":216,"column":null}}],"line":208},"24":{"loc":{"start":{"line":210,"column":6},"end":{"line":216,"column":null}},"type":"if","locations":[{"start":{"line":210,"column":6},"end":{"line":216,"column":null}},{"start":{},"end":{}}],"line":210},"25":{"loc":{"start":{"line":211,"column":8},"end":{"line":214,"column":null}},"type":"if","locations":[{"start":{"line":211,"column":8},"end":{"line":214,"column":null}},{"start":{},"end":{}}],"line":211},"26":{"loc":{"start":{"line":219,"column":4},"end":{"line":278,"column":null}},"type":"if","locations":[{"start":{"line":219,"column":4},"end":{"line":278,"column":null}},{"start":{},"end":{}}],"line":219},"27":{"loc":{"start":{"line":231,"column":8},"end":{"line":238,"column":null}},"type":"if","locations":[{"start":{"line":231,"column":8},"end":{"line":238,"column":null}},{"start":{},"end":{}}],"line":231},"28":{"loc":{"start":{"line":231,"column":8},"end":{"line":231,"column":89}},"type":"binary-expr","locations":[{"start":{"line":231,"column":13},"end":{"line":231,"column":29}},{"start":{"line":231,"column":29},"end":{"line":231,"column":47}},{"start":{"line":231,"column":47},"end":{"line":231,"column":58}},{"start":{"line":231,"column":58},"end":{"line":231,"column":89}}],"line":231},"29":{"loc":{"start":{"line":232,"column":10},"end":{"line":237,"column":null}},"type":"if","locations":[{"start":{"line":232,"column":10},"end":{"line":237,"column":null}},{"start":{"line":235,"column":10},"end":{"line":237,"column":null}}],"line":232},"30":{"loc":{"start":{"line":235,"column":10},"end":{"line":237,"column":null}},"type":"if","locations":[{"start":{"line":235,"column":10},"end":{"line":237,"column":null}},{"start":{},"end":{}}],"line":235},"31":{"loc":{"start":{"line":240,"column":8},"end":{"line":259,"column":null}},"type":"if","locations":[{"start":{"line":240,"column":8},"end":{"line":259,"column":null}},{"start":{"line":257,"column":15},"end":{"line":259,"column":null}}],"line":240},"32":{"loc":{"start":{"line":240,"column":12},"end":{"line":240,"column":39}},"type":"binary-expr","locations":[{"start":{"line":240,"column":12},"end":{"line":240,"column":28}},{"start":{"line":240,"column":28},"end":{"line":240,"column":39}}],"line":240},"33":{"loc":{"start":{"line":243,"column":10},"end":{"line":255,"column":null}},"type":"if","locations":[{"start":{"line":243,"column":10},"end":{"line":255,"column":null}},{"start":{},"end":{}}],"line":243},"34":{"loc":{"start":{"line":245,"column":12},"end":{"line":254,"column":null}},"type":"if","locations":[{"start":{"line":245,"column":12},"end":{"line":254,"column":null}},{"start":{},"end":{}}],"line":245},"35":{"loc":{"start":{"line":249,"column":14},"end":{"line":252,"column":null}},"type":"if","locations":[{"start":{"line":249,"column":14},"end":{"line":252,"column":null}},{"start":{},"end":{}}],"line":249},"36":{"loc":{"start":{"line":249,"column":19},"end":{"line":250,"column":66}},"type":"binary-expr","locations":[{"start":{"line":249,"column":19},"end":{"line":249,"column":44}},{"start":{"line":249,"column":44},"end":{"line":249,"column":null}},{"start":{"line":250,"column":19},"end":{"line":250,"column":44}},{"start":{"line":250,"column":44},"end":{"line":250,"column":66}}],"line":249},"37":{"loc":{"start":{"line":264,"column":6},"end":{"line":275,"column":null}},"type":"if","locations":[{"start":{"line":264,"column":6},"end":{"line":275,"column":null}},{"start":{},"end":{}}],"line":264},"38":{"loc":{"start":{"line":266,"column":8},"end":{"line":274,"column":null}},"type":"if","locations":[{"start":{"line":266,"column":8},"end":{"line":274,"column":null}},{"start":{},"end":{}}],"line":266},"39":{"loc":{"start":{"line":269,"column":10},"end":{"line":272,"column":null}},"type":"if","locations":[{"start":{"line":269,"column":10},"end":{"line":272,"column":null}},{"start":{},"end":{}}],"line":269},"40":{"loc":{"start":{"line":269,"column":15},"end":{"line":270,"column":62}},"type":"binary-expr","locations":[{"start":{"line":269,"column":15},"end":{"line":269,"column":40}},{"start":{"line":269,"column":40},"end":{"line":269,"column":null}},{"start":{"line":270,"column":15},"end":{"line":270,"column":40}},{"start":{"line":270,"column":40},"end":{"line":270,"column":62}}],"line":269},"41":{"loc":{"start":{"line":291,"column":6},"end":{"line":303,"column":null}},"type":"if","locations":[{"start":{"line":291,"column":6},"end":{"line":303,"column":null}},{"start":{"line":293,"column":6},"end":{"line":303,"column":null}}],"line":291},"42":{"loc":{"start":{"line":293,"column":6},"end":{"line":303,"column":null}},"type":"if","locations":[{"start":{"line":293,"column":6},"end":{"line":303,"column":null}},{"start":{},"end":{}}],"line":293},"43":{"loc":{"start":{"line":294,"column":8},"end":{"line":302,"column":null}},"type":"if","locations":[{"start":{"line":294,"column":8},"end":{"line":302,"column":null}},{"start":{"line":300,"column":15},"end":{"line":302,"column":null}}],"line":294},"44":{"loc":{"start":{"line":296,"column":10},"end":{"line":299,"column":null}},"type":"if","locations":[{"start":{"line":296,"column":10},"end":{"line":299,"column":null}},{"start":{},"end":{}}],"line":296},"45":{"loc":{"start":{"line":296,"column":14},"end":{"line":296,"column":70}},"type":"binary-expr","locations":[{"start":{"line":296,"column":14},"end":{"line":296,"column":43}},{"start":{"line":296,"column":43},"end":{"line":296,"column":70}}],"line":296},"46":{"loc":{"start":{"line":306,"column":4},"end":{"line":317,"column":null}},"type":"if","locations":[{"start":{"line":306,"column":4},"end":{"line":317,"column":null}},{"start":{"line":313,"column":11},"end":{"line":317,"column":null}}],"line":306},"47":{"loc":{"start":{"line":309,"column":13},"end":{"line":309,"column":69}},"type":"binary-expr","locations":[{"start":{"line":309,"column":13},"end":{"line":309,"column":32}},{"start":{"line":309,"column":32},"end":{"line":309,"column":69}}],"line":309},"48":{"loc":{"start":{"line":327,"column":6},"end":{"line":329,"column":null}},"type":"if","locations":[{"start":{"line":327,"column":6},"end":{"line":329,"column":null}},{"start":{},"end":{}}],"line":327},"49":{"loc":{"start":{"line":327,"column":10},"end":{"line":327,"column":53}},"type":"binary-expr","locations":[{"start":{"line":327,"column":10},"end":{"line":327,"column":30}},{"start":{"line":327,"column":30},"end":{"line":327,"column":53}}],"line":327},"50":{"loc":{"start":{"line":358,"column":14},"end":{"line":358,"column":null}},"type":"binary-expr","locations":[{"start":{"line":358,"column":14},"end":{"line":358,"column":40}},{"start":{"line":358,"column":40},"end":{"line":358,"column":72}},{"start":{"line":358,"column":72},"end":{"line":358,"column":null}}],"line":358},"51":{"loc":{"start":{"line":363,"column":2},"end":{"line":367,"column":null}},"type":"if","locations":[{"start":{"line":363,"column":2},"end":{"line":367,"column":null}},{"start":{},"end":{}}],"line":363},"52":{"loc":{"start":{"line":369,"column":2},"end":{"line":372,"column":null}},"type":"if","locations":[{"start":{"line":369,"column":2},"end":{"line":372,"column":null}},{"start":{},"end":{}}],"line":369},"53":{"loc":{"start":{"line":374,"column":2},"end":{"line":394,"column":null}},"type":"if","locations":[{"start":{"line":374,"column":2},"end":{"line":394,"column":null}},{"start":{"line":379,"column":9},"end":{"line":394,"column":null}}],"line":374},"54":{"loc":{"start":{"line":374,"column":6},"end":{"line":374,"column":64}},"type":"binary-expr","locations":[{"start":{"line":374,"column":6},"end":{"line":374,"column":19}},{"start":{"line":374,"column":19},"end":{"line":374,"column":64}}],"line":374},"55":{"loc":{"start":{"line":376,"column":4},"end":{"line":378,"column":null}},"type":"if","locations":[{"start":{"line":376,"column":4},"end":{"line":378,"column":null}},{"start":{},"end":{}}],"line":376},"56":{"loc":{"start":{"line":385,"column":10},"end":{"line":385,"column":null}},"type":"cond-expr","locations":[{"start":{"line":385,"column":38},"end":{"line":385,"column":63}},{"start":{"line":385,"column":63},"end":{"line":385,"column":null}}],"line":385},"57":{"loc":{"start":{"line":401,"column":4},"end":{"line":403,"column":null}},"type":"if","locations":[{"start":{"line":401,"column":4},"end":{"line":403,"column":null}},{"start":{},"end":{}}],"line":401},"58":{"loc":{"start":{"line":401,"column":8},"end":{"line":401,"column":62}},"type":"binary-expr","locations":[{"start":{"line":401,"column":8},"end":{"line":401,"column":36}},{"start":{"line":401,"column":36},"end":{"line":401,"column":62}}],"line":401},"59":{"loc":{"start":{"line":408,"column":4},"end":{"line":418,"column":null}},"type":"if","locations":[{"start":{"line":408,"column":4},"end":{"line":418,"column":null}},{"start":{"line":411,"column":11},"end":{"line":418,"column":null}}],"line":408},"60":{"loc":{"start":{"line":410,"column":19},"end":{"line":410,"column":null}},"type":"cond-expr","locations":[{"start":{"line":410,"column":47},"end":{"line":410,"column":72}},{"start":{"line":410,"column":72},"end":{"line":410,"column":null}}],"line":410},"61":{"loc":{"start":{"line":415,"column":10},"end":{"line":415,"column":null}},"type":"cond-expr","locations":[{"start":{"line":415,"column":38},"end":{"line":415,"column":63}},{"start":{"line":415,"column":63},"end":{"line":415,"column":null}}],"line":415},"62":{"loc":{"start":{"line":433,"column":2},"end":{"line":433,"column":null}},"type":"default-arg","locations":[{"start":{"line":433,"column":19},"end":{"line":433,"column":null}}],"line":433},"63":{"loc":{"start":{"line":440,"column":2},"end":{"line":443,"column":null}},"type":"if","locations":[{"start":{"line":440,"column":2},"end":{"line":443,"column":null}},{"start":{},"end":{}}],"line":440},"64":{"loc":{"start":{"line":463,"column":2},"end":{"line":478,"column":null}},"type":"if","locations":[{"start":{"line":463,"column":2},"end":{"line":478,"column":null}},{"start":{},"end":{}}],"line":463},"65":{"loc":{"start":{"line":469,"column":4},"end":{"line":477,"column":null}},"type":"if","locations":[{"start":{"line":469,"column":4},"end":{"line":477,"column":null}},{"start":{},"end":{}}],"line":469},"66":{"loc":{"start":{"line":476,"column":19},"end":{"line":476,"column":null}},"type":"cond-expr","locations":[{"start":{"line":476,"column":33},"end":{"line":476,"column":59}},{"start":{"line":476,"column":59},"end":{"line":476,"column":null}}],"line":476},"67":{"loc":{"start":{"line":481,"column":2},"end":{"line":507,"column":null}},"type":"if","locations":[{"start":{"line":481,"column":2},"end":{"line":507,"column":null}},{"start":{},"end":{}}],"line":481},"68":{"loc":{"start":{"line":489,"column":4},"end":{"line":506,"column":null}},"type":"if","locations":[{"start":{"line":489,"column":4},"end":{"line":506,"column":null}},{"start":{},"end":{}}],"line":489},"69":{"loc":{"start":{"line":497,"column":6},"end":{"line":505,"column":null}},"type":"if","locations":[{"start":{"line":497,"column":6},"end":{"line":505,"column":null}},{"start":{},"end":{}}],"line":497},"70":{"loc":{"start":{"line":504,"column":21},"end":{"line":504,"column":null}},"type":"cond-expr","locations":[{"start":{"line":504,"column":35},"end":{"line":504,"column":61}},{"start":{"line":504,"column":61},"end":{"line":504,"column":null}}],"line":504},"71":{"loc":{"start":{"line":510,"column":2},"end":{"line":534,"column":null}},"type":"if","locations":[{"start":{"line":510,"column":2},"end":{"line":534,"column":null}},{"start":{},"end":{}}],"line":510},"72":{"loc":{"start":{"line":518,"column":4},"end":{"line":533,"column":null}},"type":"if","locations":[{"start":{"line":518,"column":4},"end":{"line":533,"column":null}},{"start":{},"end":{}}],"line":518},"73":{"loc":{"start":{"line":524,"column":6},"end":{"line":532,"column":null}},"type":"if","locations":[{"start":{"line":524,"column":6},"end":{"line":532,"column":null}},{"start":{},"end":{}}],"line":524},"74":{"loc":{"start":{"line":531,"column":21},"end":{"line":531,"column":null}},"type":"cond-expr","locations":[{"start":{"line":531,"column":35},"end":{"line":531,"column":61}},{"start":{"line":531,"column":61},"end":{"line":531,"column":null}}],"line":531},"75":{"loc":{"start":{"line":536,"column":2},"end":{"line":539,"column":null}},"type":"if","locations":[{"start":{"line":536,"column":2},"end":{"line":539,"column":null}},{"start":{},"end":{}}],"line":536},"76":{"loc":{"start":{"line":565,"column":21},"end":{"line":565,"column":null}},"type":"cond-expr","locations":[{"start":{"line":565,"column":29},"end":{"line":565,"column":43}},{"start":{"line":565,"column":43},"end":{"line":565,"column":null}}],"line":565},"77":{"loc":{"start":{"line":568,"column":4},"end":{"line":576,"column":null}},"type":"if","locations":[{"start":{"line":568,"column":4},"end":{"line":576,"column":null}},{"start":{},"end":{}}],"line":568},"78":{"loc":{"start":{"line":568,"column":4},"end":{"line":568,"column":77}},"type":"binary-expr","locations":[{"start":{"line":568,"column":9},"end":{"line":568,"column":25}},{"start":{"line":568,"column":25},"end":{"line":568,"column":41}},{"start":{"line":568,"column":41},"end":{"line":568,"column":58}},{"start":{"line":568,"column":58},"end":{"line":568,"column":77}}],"line":568},"79":{"loc":{"start":{"line":569,"column":6},"end":{"line":574,"column":null}},"type":"if","locations":[{"start":{"line":569,"column":6},"end":{"line":574,"column":null}},{"start":{"line":572,"column":6},"end":{"line":574,"column":null}}],"line":569},"80":{"loc":{"start":{"line":572,"column":6},"end":{"line":574,"column":null}},"type":"if","locations":[{"start":{"line":572,"column":6},"end":{"line":574,"column":null}},{"start":{},"end":{}}],"line":572},"81":{"loc":{"start":{"line":578,"column":4},"end":{"line":578,"column":null}},"type":"if","locations":[{"start":{"line":578,"column":4},"end":{"line":578,"column":null}},{"start":{},"end":{}}],"line":578},"82":{"loc":{"start":{"line":581,"column":4},"end":{"line":582,"column":null}},"type":"if","locations":[{"start":{"line":581,"column":4},"end":{"line":582,"column":null}},{"start":{"line":581,"column":22},"end":{"line":582,"column":null}}],"line":581},"83":{"loc":{"start":{"line":581,"column":22},"end":{"line":582,"column":null}},"type":"if","locations":[{"start":{"line":581,"column":22},"end":{"line":582,"column":null}},{"start":{},"end":{}}],"line":581},"84":{"loc":{"start":{"line":585,"column":4},"end":{"line":585,"column":null}},"type":"if","locations":[{"start":{"line":585,"column":4},"end":{"line":585,"column":null}},{"start":{},"end":{}}],"line":585},"85":{"loc":{"start":{"line":588,"column":4},"end":{"line":594,"column":null}},"type":"if","locations":[{"start":{"line":588,"column":4},"end":{"line":594,"column":null}},{"start":{},"end":{}}],"line":588},"86":{"loc":{"start":{"line":588,"column":8},"end":{"line":588,"column":42}},"type":"binary-expr","locations":[{"start":{"line":588,"column":8},"end":{"line":588,"column":24}},{"start":{"line":588,"column":24},"end":{"line":588,"column":42}}],"line":588},"87":{"loc":{"start":{"line":590,"column":6},"end":{"line":592,"column":null}},"type":"if","locations":[{"start":{"line":590,"column":6},"end":{"line":592,"column":null}},{"start":{},"end":{}}],"line":590},"88":{"loc":{"start":{"line":590,"column":10},"end":{"line":590,"column":48}},"type":"binary-expr","locations":[{"start":{"line":590,"column":10},"end":{"line":590,"column":30}},{"start":{"line":590,"column":30},"end":{"line":590,"column":48}}],"line":590},"89":{"loc":{"start":{"line":606,"column":2},"end":{"line":606,"column":null}},"type":"default-arg","locations":[{"start":{"line":606,"column":19},"end":{"line":606,"column":null}}],"line":606},"90":{"loc":{"start":{"line":616,"column":2},"end":{"line":662,"column":null}},"type":"switch","locations":[{"start":{"line":617,"column":4},"end":{"line":618,"column":null}},{"start":{"line":620,"column":4},"end":{"line":621,"column":null}},{"start":{"line":623,"column":4},"end":{"line":624,"column":null}},{"start":{"line":626,"column":4},"end":{"line":629,"column":null}},{"start":{"line":631,"column":4},"end":{"line":632,"column":null}},{"start":{"line":634,"column":4},"end":{"line":635,"column":null}},{"start":{"line":639,"column":4},"end":{"line":640,"column":null}},{"start":{"line":644,"column":4},"end":{"line":645,"column":null}},{"start":{"line":649,"column":4},"end":{"line":650,"column":null}},{"start":{"line":654,"column":4},"end":{"line":655,"column":null}},{"start":{"line":659,"column":4},"end":{"line":661,"column":null}}],"line":616},"91":{"loc":{"start":{"line":674,"column":2},"end":{"line":674,"column":null}},"type":"default-arg","locations":[{"start":{"line":674,"column":19},"end":{"line":674,"column":null}}],"line":674},"92":{"loc":{"start":{"line":697,"column":2},"end":{"line":709,"column":null}},"type":"if","locations":[{"start":{"line":697,"column":2},"end":{"line":709,"column":null}},{"start":{},"end":{}}],"line":697},"93":{"loc":{"start":{"line":701,"column":4},"end":{"line":708,"column":null}},"type":"if","locations":[{"start":{"line":701,"column":4},"end":{"line":708,"column":null}},{"start":{},"end":{}}],"line":701},"94":{"loc":{"start":{"line":707,"column":19},"end":{"line":707,"column":null}},"type":"cond-expr","locations":[{"start":{"line":707,"column":33},"end":{"line":707,"column":59}},{"start":{"line":707,"column":59},"end":{"line":707,"column":null}}],"line":707},"95":{"loc":{"start":{"line":712,"column":2},"end":{"line":734,"column":null}},"type":"if","locations":[{"start":{"line":712,"column":2},"end":{"line":734,"column":null}},{"start":{},"end":{}}],"line":712},"96":{"loc":{"start":{"line":720,"column":4},"end":{"line":733,"column":null}},"type":"if","locations":[{"start":{"line":720,"column":4},"end":{"line":733,"column":null}},{"start":{},"end":{}}],"line":720},"97":{"loc":{"start":{"line":725,"column":6},"end":{"line":732,"column":null}},"type":"if","locations":[{"start":{"line":725,"column":6},"end":{"line":732,"column":null}},{"start":{},"end":{}}],"line":725},"98":{"loc":{"start":{"line":731,"column":21},"end":{"line":731,"column":null}},"type":"cond-expr","locations":[{"start":{"line":731,"column":35},"end":{"line":731,"column":61}},{"start":{"line":731,"column":61},"end":{"line":731,"column":null}}],"line":731},"99":{"loc":{"start":{"line":736,"column":2},"end":{"line":739,"column":null}},"type":"if","locations":[{"start":{"line":736,"column":2},"end":{"line":739,"column":null}},{"start":{},"end":{}}],"line":736},"100":{"loc":{"start":{"line":766,"column":2},"end":{"line":769,"column":null}},"type":"if","locations":[{"start":{"line":766,"column":2},"end":{"line":769,"column":null}},{"start":{},"end":{}}],"line":766},"101":{"loc":{"start":{"line":766,"column":6},"end":{"line":766,"column":52}},"type":"binary-expr","locations":[{"start":{"line":766,"column":6},"end":{"line":766,"column":24}},{"start":{"line":766,"column":24},"end":{"line":766,"column":52}}],"line":766},"102":{"loc":{"start":{"line":799,"column":4},"end":{"line":807,"column":null}},"type":"if","locations":[{"start":{"line":799,"column":4},"end":{"line":807,"column":null}},{"start":{},"end":{}}],"line":799},"103":{"loc":{"start":{"line":799,"column":4},"end":{"line":799,"column":90}},"type":"binary-expr","locations":[{"start":{"line":799,"column":9},"end":{"line":799,"column":25}},{"start":{"line":799,"column":25},"end":{"line":799,"column":41}},{"start":{"line":799,"column":41},"end":{"line":799,"column":58}},{"start":{"line":799,"column":58},"end":{"line":799,"column":90}}],"line":799},"104":{"loc":{"start":{"line":800,"column":6},"end":{"line":805,"column":null}},"type":"if","locations":[{"start":{"line":800,"column":6},"end":{"line":805,"column":null}},{"start":{"line":803,"column":6},"end":{"line":805,"column":null}}],"line":800},"105":{"loc":{"start":{"line":803,"column":6},"end":{"line":805,"column":null}},"type":"if","locations":[{"start":{"line":803,"column":6},"end":{"line":805,"column":null}},{"start":{},"end":{}}],"line":803},"106":{"loc":{"start":{"line":809,"column":4},"end":{"line":809,"column":null}},"type":"if","locations":[{"start":{"line":809,"column":4},"end":{"line":809,"column":null}},{"start":{},"end":{}}],"line":809},"107":{"loc":{"start":{"line":812,"column":4},"end":{"line":813,"column":null}},"type":"if","locations":[{"start":{"line":812,"column":4},"end":{"line":813,"column":null}},{"start":{"line":812,"column":22},"end":{"line":813,"column":null}}],"line":812},"108":{"loc":{"start":{"line":812,"column":22},"end":{"line":813,"column":null}},"type":"if","locations":[{"start":{"line":812,"column":22},"end":{"line":813,"column":null}},{"start":{},"end":{}}],"line":812},"109":{"loc":{"start":{"line":816,"column":4},"end":{"line":819,"column":null}},"type":"if","locations":[{"start":{"line":816,"column":4},"end":{"line":819,"column":null}},{"start":{},"end":{}}],"line":816},"110":{"loc":{"start":{"line":816,"column":8},"end":{"line":816,"column":75}},"type":"binary-expr","locations":[{"start":{"line":816,"column":8},"end":{"line":816,"column":24}},{"start":{"line":816,"column":24},"end":{"line":816,"column":44}},{"start":{"line":816,"column":44},"end":{"line":816,"column":75}}],"line":816},"111":{"loc":{"start":{"line":822,"column":2},"end":{"line":825,"column":null}},"type":"if","locations":[{"start":{"line":822,"column":2},"end":{"line":825,"column":null}},{"start":{},"end":{}}],"line":822},"112":{"loc":{"start":{"line":829,"column":2},"end":{"line":832,"column":null}},"type":"if","locations":[{"start":{"line":829,"column":2},"end":{"line":832,"column":null}},{"start":{},"end":{}}],"line":829},"113":{"loc":{"start":{"line":873,"column":2},"end":{"line":876,"column":null}},"type":"if","locations":[{"start":{"line":873,"column":2},"end":{"line":876,"column":null}},{"start":{},"end":{}}],"line":873},"114":{"loc":{"start":{"line":873,"column":6},"end":{"line":873,"column":52}},"type":"binary-expr","locations":[{"start":{"line":873,"column":6},"end":{"line":873,"column":24}},{"start":{"line":873,"column":24},"end":{"line":873,"column":52}}],"line":873},"115":{"loc":{"start":{"line":900,"column":2},"end":{"line":908,"column":null}},"type":"if","locations":[{"start":{"line":900,"column":2},"end":{"line":908,"column":null}},{"start":{"line":902,"column":9},"end":{"line":908,"column":null}}],"line":900},"116":{"loc":{"start":{"line":905,"column":4},"end":{"line":907,"column":null}},"type":"if","locations":[{"start":{"line":905,"column":4},"end":{"line":907,"column":null}},{"start":{},"end":{}}],"line":905},"117":{"loc":{"start":{"line":910,"column":2},"end":{"line":913,"column":null}},"type":"if","locations":[{"start":{"line":910,"column":2},"end":{"line":913,"column":null}},{"start":{},"end":{}}],"line":910},"118":{"loc":{"start":{"line":941,"column":2},"end":{"line":944,"column":null}},"type":"if","locations":[{"start":{"line":941,"column":2},"end":{"line":944,"column":null}},{"start":{},"end":{}}],"line":941},"119":{"loc":{"start":{"line":941,"column":6},"end":{"line":941,"column":52}},"type":"binary-expr","locations":[{"start":{"line":941,"column":6},"end":{"line":941,"column":24}},{"start":{"line":941,"column":24},"end":{"line":941,"column":52}}],"line":941},"120":{"loc":{"start":{"line":965,"column":2},"end":{"line":989,"column":null}},"type":"if","locations":[{"start":{"line":965,"column":2},"end":{"line":989,"column":null}},{"start":{"line":984,"column":9},"end":{"line":989,"column":null}}],"line":965},"121":{"loc":{"start":{"line":971,"column":4},"end":{"line":976,"column":null}},"type":"if","locations":[{"start":{"line":971,"column":4},"end":{"line":976,"column":null}},{"start":{"line":973,"column":11},"end":{"line":976,"column":null}}],"line":971},"122":{"loc":{"start":{"line":978,"column":4},"end":{"line":983,"column":null}},"type":"if","locations":[{"start":{"line":978,"column":4},"end":{"line":983,"column":null}},{"start":{"line":980,"column":11},"end":{"line":983,"column":null}}],"line":978},"123":{"loc":{"start":{"line":991,"column":2},"end":{"line":994,"column":null}},"type":"if","locations":[{"start":{"line":991,"column":2},"end":{"line":994,"column":null}},{"start":{},"end":{}}],"line":991},"124":{"loc":{"start":{"line":1018,"column":2},"end":{"line":1021,"column":null}},"type":"if","locations":[{"start":{"line":1018,"column":2},"end":{"line":1021,"column":null}},{"start":{},"end":{}}],"line":1018},"125":{"loc":{"start":{"line":1018,"column":6},"end":{"line":1018,"column":52}},"type":"binary-expr","locations":[{"start":{"line":1018,"column":6},"end":{"line":1018,"column":24}},{"start":{"line":1018,"column":24},"end":{"line":1018,"column":52}}],"line":1018},"126":{"loc":{"start":{"line":1043,"column":9},"end":{"line":1043,"column":95}},"type":"binary-expr","locations":[{"start":{"line":1043,"column":9},"end":{"line":1043,"column":29}},{"start":{"line":1043,"column":29},"end":{"line":1043,"column":62}},{"start":{"line":1043,"column":62},"end":{"line":1043,"column":95}}],"line":1043},"127":{"loc":{"start":{"line":1047,"column":2},"end":{"line":1049,"column":null}},"type":"if","locations":[{"start":{"line":1047,"column":2},"end":{"line":1049,"column":null}},{"start":{},"end":{}}],"line":1047},"128":{"loc":{"start":{"line":1047,"column":6},"end":{"line":1047,"column":57}},"type":"binary-expr","locations":[{"start":{"line":1047,"column":6},"end":{"line":1047,"column":25}},{"start":{"line":1047,"column":25},"end":{"line":1047,"column":57}}],"line":1047}},"s":{"0":20,"1":20,"2":20,"3":20,"4":18,"5":18,"6":2,"7":2,"8":2,"9":2,"10":2,"11":0,"12":0,"13":0,"14":0,"15":0,"16":0,"17":0,"18":0,"19":0,"20":0,"21":0,"22":0,"23":0,"24":0,"25":0,"26":0,"27":2,"28":0,"29":0,"30":2,"31":2,"32":20,"33":20,"34":20,"35":20,"36":2,"37":2,"38":18,"39":18,"40":18,"41":18,"42":0,"43":0,"44":18,"45":18,"46":18,"47":18,"48":5,"49":5,"50":5,"51":18,"52":3,"53":3,"54":18,"55":11,"56":15,"57":18,"58":18,"59":18,"60":0,"61":18,"62":18,"63":18,"64":18,"65":18,"66":28,"67":28,"68":28,"69":28,"70":796,"71":18,"72":18,"73":18,"74":28,"75":18,"76":18,"77":0,"78":0,"79":18,"80":18,"81":18,"82":10,"83":18,"84":18,"85":18,"86":18,"87":18,"88":18,"89":18,"90":16,"91":16,"92":16,"93":16,"94":16,"95":330,"96":0,"97":330,"98":16,"99":16,"100":16,"101":0,"102":16,"103":16,"104":16,"105":16,"106":16,"107":16,"108":16,"109":16,"110":314,"111":314,"112":30,"113":15,"114":15,"115":15,"116":15,"117":314,"118":6,"119":6,"120":6,"121":6,"122":6,"123":6,"124":6,"125":6,"126":6,"127":6,"128":308,"129":16,"130":16,"131":10,"132":10,"133":10,"134":10,"135":10,"136":9,"137":10,"138":16,"139":18,"140":18,"141":16,"142":16,"143":16,"144":16,"145":16,"146":330,"147":0,"148":330,"149":16,"150":16,"151":16,"152":16,"153":0,"154":16,"155":16,"156":16,"157":24,"158":16,"159":0,"160":0,"161":18,"162":18,"163":41,"164":1,"165":40,"166":18,"167":18,"168":18,"169":18,"170":18,"171":0,"172":0,"173":0,"174":0,"175":0,"176":0,"177":0,"178":0,"179":0,"180":0,"181":0,"182":0,"183":0,"184":0,"185":0,"186":0,"187":0,"188":0,"189":0,"190":0,"191":0,"192":0,"193":0,"194":0,"195":0,"196":0,"197":0,"198":14,"199":14,"200":14,"201":1,"202":1,"203":13,"204":13,"205":13,"206":13,"207":13,"208":2,"209":13,"210":2,"211":2,"212":2,"213":2,"214":2,"215":2,"216":2,"217":2,"218":2,"219":13,"220":11,"221":11,"222":11,"223":0,"224":11,"225":0,"226":0,"227":0,"228":0,"229":0,"230":0,"231":0,"232":0,"233":0,"234":0,"235":13,"236":11,"237":11,"238":11,"239":10,"240":11,"241":10,"242":10,"243":10,"244":10,"245":10,"246":10,"247":10,"248":10,"249":10,"250":13,"251":1,"252":1,"253":12,"254":12,"255":12,"256":12,"257":12,"258":15,"259":15,"260":15,"261":15,"262":15,"263":15,"264":289,"265":289,"266":289,"267":4,"268":2,"269":2,"270":2,"271":2,"272":4,"273":285,"274":18,"275":267,"276":0,"277":267,"278":0,"279":267,"280":15,"281":267,"282":15,"283":15,"284":0,"285":0,"286":14,"287":14,"288":14,"289":14,"290":3,"291":1,"292":1,"293":2,"294":2,"295":1,"296":1,"297":1,"298":1,"299":1,"300":1,"301":1,"302":1,"303":3,"304":3,"305":3,"306":3,"307":3,"308":3,"309":3,"310":3,"311":3,"312":3,"313":3,"314":3,"315":3,"316":3,"317":3,"318":3,"319":3,"320":3,"321":3,"322":3,"323":0,"324":0,"325":0,"326":0,"327":0,"328":0,"329":0,"330":0,"331":0,"332":0,"333":0,"334":0,"335":0,"336":0,"337":3,"338":0,"339":0,"340":3,"341":3,"342":3,"343":3,"344":4,"345":4,"346":4,"347":4,"348":4,"349":1,"350":1,"351":3,"352":3,"353":3,"354":0,"355":3,"356":3,"357":3,"358":3,"359":0,"360":3,"361":3,"362":3,"363":3,"364":3,"365":3,"366":3,"367":3,"368":3,"369":43,"370":43,"371":6,"372":3,"373":3,"374":3,"375":3,"376":6,"377":37,"378":16,"379":21,"380":0,"381":21,"382":0,"383":21,"384":3,"385":3,"386":3,"387":0,"388":0,"389":3,"390":3,"391":0,"392":0,"393":3,"394":3,"395":3,"396":3,"397":3,"398":3,"399":3,"400":3,"401":5,"402":5,"403":5,"404":5,"405":5,"406":1,"407":1,"408":4,"409":4,"410":4,"411":0,"412":4,"413":4,"414":4,"415":4,"416":2,"417":4,"418":4,"419":4,"420":4,"421":4,"422":4,"423":2,"424":2,"425":2,"426":1,"427":4,"428":1,"429":1,"430":3,"431":3,"432":3,"433":7,"434":7,"435":7,"436":7,"437":7,"438":1,"439":1,"440":6,"441":6,"442":6,"443":0,"444":6,"445":6,"446":6,"447":6,"448":0,"449":6,"450":6,"451":6,"452":6,"453":6,"454":5,"455":5,"456":5,"457":3,"458":2,"459":5,"460":2,"461":3,"462":1,"463":6,"464":1,"465":1,"466":5,"467":5,"468":5,"469":3,"470":3,"471":3,"472":3,"473":3,"474":1,"475":1,"476":2,"477":2,"478":2,"479":3,"480":2,"481":2,"482":2,"483":2,"484":3,"485":2,"486":2,"487":2,"488":2,"489":2,"490":14,"491":2,"492":2,"493":2,"494":2,"495":2},"f":{"0":20,"1":2,"2":0,"3":0,"4":20,"5":15,"6":41,"7":0,"8":0,"9":0,"10":0,"11":0,"12":0,"13":14,"14":15,"15":14,"16":3,"17":4,"18":5,"19":7,"20":3},"b":{"0":[20,0],"1":[18,2],"2":[0,0],"3":[0,0],"4":[0,0],"5":[0,0],"6":[0,0],"7":[0,0],"8":[0,0,0,0,0],"9":[0,0],"10":[0,2],"11":[2,18],"12":[20,19],"13":[0,18],"14":[5,13],"15":[3,15],"16":[11,7],"17":[18,10],"18":[18,778],"19":[796,18,18],"20":[18,10],"21":[0,18],"22":[16,2],"23":[0,330],"24":[16,314],"25":[16,0],"26":[16,0],"27":[30,284],"28":[314,314,30,30],"29":[15,15],"30":[15,0],"31":[6,308],"32":[314,6],"33":[6,0],"34":[6,0],"35":[6,0],"36":[6,0,6,6],"37":[10,6],"38":[10,0],"39":[9,1],"40":[10,0,10,9],"41":[0,330],"42":[16,314],"43":[16,0],"44":[16,0],"45":[16,16],"46":[16,0],"47":[16,40],"48":[1,40],"49":[41,1],"50":[0,0,0],"51":[0,0],"52":[0,0],"53":[0,0],"54":[0,0],"55":[0,0],"56":[0,0],"57":[0,0],"58":[0,0],"59":[0,0],"60":[0,0],"61":[0,0],"62":[14],"63":[1,13],"64":[2,11],"65":[2,0],"66":[2,0],"67":[11,2],"68":[0,11],"69":[0,0],"70":[0,0],"71":[11,2],"72":[10,1],"73":[10,0],"74":[10,0],"75":[1,12],"76":[274,15],"77":[4,285],"78":[289,285,285,4],"79":[2,2],"80":[2,0],"81":[18,267],"82":[0,267],"83":[0,267],"84":[15,252],"85":[15,252],"86":[267,15],"87":[15,0],"88":[15,15],"89":[14],"90":[3,1,1,2,1,1,1,1,1,1,1],"91":[3],"92":[3,0],"93":[3,0],"94":[3,0],"95":[0,3],"96":[0,0],"97":[0,0],"98":[0,0],"99":[0,3],"100":[1,3],"101":[4,4],"102":[6,37],"103":[43,37,37,6],"104":[3,3],"105":[3,0],"106":[16,21],"107":[0,21],"108":[0,21],"109":[3,18],"110":[21,3,3],"111":[0,3],"112":[0,3],"113":[1,4],"114":[5,5],"115":[2,2],"116":[1,1],"117":[1,3],"118":[1,6],"119":[7,7],"120":[5,1],"121":[3,2],"122":[2,3],"123":[1,5],"124":[1,2],"125":[3,3],"126":[2,16,2],"127":[2,0],"128":[2,2]},"meta":{"lastBranch":129,"lastFunction":21,"lastStatement":496,"seen":{"f:14:16:14:Infinity":0,"s:24:2:24:Infinity":0,"b:27:2:33:Infinity:undefined:undefined:undefined:undefined":0,"s:27:2:33:Infinity":1,"s:28:19:28:Infinity":2,"b:29:4:32:Infinity:undefined:undefined:undefined:undefined":1,"s:29:4:32:Infinity":3,"s:30:6:30:Infinity":4,"s:31:6:31:Infinity":5,"s:36:2:98:Infinity":6,"s:37:16:46:Infinity":7,"f:39:15:39:16":1,"s:40:10:44:Infinity":8,"s:48:16:48:Infinity":9,"s:50:4:88:Infinity":10,"f:51:6:51:17":2,"b:52:8:52:Infinity:undefined:undefined:undefined:undefined":2,"s:52:8:52:Infinity":11,"s:52:19:52:Infinity":12,"s:54:24:54:Infinity":13,"s:55:24:57:Infinity":14,"b:56:12:56:Infinity:57:12:57:Infinity":3,"b:60:8:70:Infinity:undefined:undefined:undefined:undefined":4,"s:60:8:70:Infinity":15,"b:60:12:60:19:60:19:60:28":5,"b:61:10:69:Infinity:undefined:undefined:undefined:undefined":6,"s:61:10:69:Infinity":16,"b:62:12:62:Infinity:63:12:63:Infinity":7,"s:65:12:65:Infinity":17,"s:66:12:66:Infinity":18,"s:67:12:67:Infinity":19,"s:68:12:68:Infinity":20,"s:73:23:80:Infinity":21,"f:74:10:74:11":3,"s:75:12:79:Infinity":22,"b:75:12:75:Infinity:76:12:76:Infinity:77:12:77:Infinity:78:12:78:Infinity:79:12:79:Infinity":8,"b:82:8:86:Infinity:undefined:undefined:undefined:undefined":9,"s:82:8:86:Infinity":23,"s:83:10:83:Infinity":24,"s:84:10:84:Infinity":25,"s:85:10:85:Infinity":26,"b:90:4:92:Infinity:undefined:undefined:undefined:undefined":10,"s:90:4:92:Infinity":27,"s:91:6:91:Infinity":28,"s:94:4:94:Infinity":29,"s:96:4:96:Infinity":30,"s:97:4:97:Infinity":31,"f:105:9:105:Infinity":4,"s:114:16:114:Infinity":32,"s:115:21:115:Infinity":33,"s:116:18:116:Infinity":34,"b:118:2:121:Infinity:undefined:undefined:undefined:undefined":11,"s:118:2:121:Infinity":35,"b:118:6:118:24:118:24:118:52":12,"s:119:4:119:Infinity":36,"s:120:4:120:Infinity":37,"s:123:15:123:Infinity":38,"s:124:17:124:Infinity":39,"s:127:19:127:Infinity":40,"b:128:2:131:Infinity:undefined:undefined:undefined:undefined":13,"s:128:2:131:Infinity":41,"s:129:4:129:Infinity":42,"s:130:4:130:Infinity":43,"s:133:18:133:Infinity":44,"s:134:2:134:Infinity":45,"s:137:47:137:Infinity":46,"b:138:2:142:Infinity:undefined:undefined:undefined:undefined":14,"s:138:2:142:Infinity":47,"s:139:4:139:Infinity":48,"s:140:4:140:Infinity":49,"s:141:4:141:Infinity":50,"b:143:2:146:Infinity:undefined:undefined:undefined:undefined":15,"s:143:2:146:Infinity":51,"s:144:4:144:Infinity":52,"s:145:4:145:Infinity":53,"b:148:2:152:Infinity:undefined:undefined:undefined:undefined":16,"s:148:2:152:Infinity":54,"s:149:4:151:Infinity":55,"f:149:42:149:43":5,"s:150:6:150:Infinity":56,"s:155:23:155:Infinity":57,"s:156:2:158:Infinity":58,"s:156:15:156:18":59,"s:157:4:157:Infinity":60,"s:159:2:159:Infinity":61,"s:162:26:162:I
[...]
ity":26,"s:81:4:108:Infinity":63,"s:82:19:82:Infinity":64,"s:83:6:83:Infinity":65,"b:84:4:108:Infinity:87:4:108:Infinity":27,"s:84:4:108:Infinity":66,"s:85:19:85:Infinity":67,"s:86:6:86:Infinity":68,"b:87:4:108:Infinity:90:4:108:Infinity":28,"s:87:4:108:Infinity":69,"s:88:19:88:Infinity":70,"s:89:6:89:Infinity":71,"b:90:4:108:Infinity:95:4:108:Infinity":29,"s:90:4:108:Infinity":72,"s:91:19:91:Infinity":73,"s:92:27:92:Infinity":74,"s:93:6:93:Infinity":75,"s:94:6:94:Infinity":76,"b:95:4:108:Infinity:100:4:108:Infinity":30,"s:95:4:108:Infinity":77,"s:96:19:96:Infinity":78,"s:97:27:97:Infinity":79,"s:98:6:98:Infinity":80,"s:99:6:99:Infinity":81,"b:100:4:108:Infinity:102:4:108:Infinity":31,"s:100:4:108:Infinity":82,"s:101:6:101:Infinity":83,"b:102:4:108:Infinity:undefined:undefined:undefined:undefined":32,"s:102:4:108:Infinity":84,"s:103:19:103:Infinity":85,"s:104:22:104:Infinity":86,"b:105:6:107:Infinity:undefined:undefined:undefined:undefined":33,"s:105:6:107:Infinity":87,"s:106:8:106:Infinity":88,"b:111:4:114:Infinity:undefined:undefined:undefined:undefined":34,"s:111:4:114:Infinity":89,"s:112:19:112:Infinity":90,"s:113:6:113:Infinity":91,"b:115:4:119:Infinity:undefined:undefined:undefined:undefined":35,"s:115:4:119:Infinity":92,"s:116:19:116:Infinity":93,"s:117:6:117:Infinity":94,"s:118:6:118:Infinity":95,"b:120:4:124:Infinity:undefined:undefined:undefined:undefined":36,"s:120:4:124:Infinity":96,"s:121:19:121:Infinity":97,"s:122:6:122:Infinity":98,"s:123:6:123:Infinity":99,"b:125:4:125:Infinity:undefined:undefined:undefined:undefined":37,"s:125:4:125:Infinity":100,"s:125:31:125:Infinity":101,"b:126:4:126:Infinity:undefined:undefined:undefined:undefined":38,"s:126:4:126:Infinity":102,"s:126:31:126:Infinity":103,"b:127:4:127:Infinity:undefined:undefined:undefined:undefined":39,"s:127:4:127:Infinity":104,"s:127:31:127:Infinity":105,"b:128:4:128:Infinity:undefined:undefined:undefined:undefined":40,"s:128:4:128:Infinity":106,"s:128:31:128:Infinity":107,"b:131:4:136:Infinity:131:41:136:Infinity":41,"s:131:4:136:Infinity":108,"s:131:26:131:Infinity":109,"b:131:41:136:Infinity:132:48:136:Infinity":42,"s:131:41:136:Infinity":110,"s:132:33:132:Infinity":111,"b:132:48:136:Infinity:undefined:undefined:undefined:undefined":43,"s:132:48:136:Infinity":112,"s:134:19:134:Infinity":113,"s:135:6:135:Infinity":114,"b:139:4:144:Infinity:139:42:144:Infinity":44,"s:139:4:144:Infinity":115,"s:139:26:139:Infinity":116,"b:139:42:144:Infinity:140:49:144:Infinity":45,"s:139:42:144:Infinity":117,"s:140:33:140:Infinity":118,"b:140:49:144:Infinity:undefined:undefined:undefined:undefined":46,"s:140:49:144:Infinity":119,"s:142:19:142:Infinity":120,"s:143:6:143:Infinity":121,"b:147:4:150:Infinity:147:50:150:Infinity":47,"s:147:4:150:Infinity":122,"s:147:31:147:Infinity":123,"b:147:50:150:Infinity:148:53:150:Infinity":48,"s:147:50:150:Infinity":124,"s:148:34:148:Infinity":125,"b:148:53:150:Infinity:149:54:150:Infinity":49,"s:148:53:150:Infinity":126,"s:149:35:149:Infinity":127,"b:149:54:150:Infinity:undefined:undefined:undefined:undefined":50,"s:149:54:150:Infinity":128,"s:150:37:150:Infinity":129,"b:153:4:160:Infinity:153:45:160:Infinity":51,"s:153:4:160:Infinity":130,"s:153:27:153:Infinity":131,"b:153:45:160:Infinity:154:50:160:Infinity":52,"s:153:45:160:Infinity":132,"s:154:32:154:Infinity":133,"b:154:50:160:Infinity:155:52:160:Infinity":53,"s:154:50:160:Infinity":134,"s:155:34:155:Infinity":135,"b:155:52:160:Infinity:156:50:160:Infinity":54,"s:155:52:160:Infinity":136,"s:156:32:156:Infinity":137,"b:156:50:160:Infinity:157:50:160:Infinity":55,"s:156:50:160:Infinity":138,"s:157:32:157:Infinity":139,"b:157:50:160:Infinity:158:51:160:Infinity":56,"s:157:50:160:Infinity":140,"s:158:33:158:Infinity":141,"b:158:51:160:Infinity:159:51:160:Infinity":57,"s:158:51:160:Infinity":142,"s:159:33:159:Infinity":143,"b:159:51:160:Infinity:undefined:undefined:undefined:undefined":58,"s:159:51:160:Infinity":144,"s:160:33:160:Infinity":145,"b:163:4:167:Infinity:163:49:167:Infinity":59,"s:163:4:167:Infinity":146,"s:163:29:163:Infinity":147,"b:163:49:167:Infinity:164:58:167:Infinity":60,"s:163:49:167:Infinity":148,"s:164:38:164:Infinity":149,"b:164:58:167:Infinity:165:56:167:Infinity":61,"s:164:58:167:Infinity":150,"s:165:36:165:Infinity":151,"b:165:56:167:Infinity:166:56:167:Infinity":62,"s:165:56:167:Infinity":152,"s:166:36:166:Infinity":153,"b:166:56:167:Infinity:undefined:undefined:undefined:undefined":63,"s:166:56:167:Infinity":154,"s:167:35:167:Infinity":155,"b:170:4:173:Infinity:170:45:173:Infinity":64,"s:170:4:173:Infinity":156,"s:170:26:170:Infinity":157,"b:170:45:173:Infinity:171:53:173:Infinity":65,"s:170:45:173:Infinity":158,"s:171:34:171:Infinity":159,"b:171:53:173:Infinity:172:53:173:Infinity":66,"s:171:53:173:Infinity":160,"s:172:34:172:Infinity":161,"b:172:53:173:Infinity:undefined:undefined:undefined:undefined":67,"s:172:53:173:Infinity":162,"s:173:34:173:Infinity":163,"b:176:4:180:Infinity:176:49:180:Infinity":68,"s:176:4:180:Infinity":164,"s:176:27:176:Infinity":165,"b:176:49:180:Infinity:177:57:180:Infinity":69,"s:176:49:180:Infinity":166,"s:177:35:177:Infinity":167,"b:177:57:180:Infinity:178:57:180:Infinity":70,"s:177:57:180:Infinity":168,"s:178:35:178:Infinity":169,"b:178:57:180:Infinity:179:57:180:Infinity":71,"s:178:57:180:Infinity":170,"s:179:35:179:Infinity":171,"b:179:57:180:Infinity:undefined:undefined:undefined:undefined":72,"s:179:57:180:Infinity":172,"s:180:37:180:Infinity":173,"b:183:4:183:Infinity:undefined:undefined:undefined:undefined":73,"s:183:4:183:Infinity":174,"s:183:24:183:Infinity":175,"b:184:4:191:Infinity:undefined:undefined:undefined:undefined":74,"s:184:4:191:Infinity":176,"s:185:19:185:Infinity":177,"b:186:6:190:Infinity:186:53:190:Infinity":75,"s:186:6:190:Infinity":178,"s:186:24:186:Infinity":179,"b:186:53:190:Infinity:187:58:190:Infinity":76,"s:186:53:190:Infinity":180,"s:187:29:187:Infinity":181,"b:187:58:190:Infinity:188:58:190:Infinity":77,"s:187:58:190:Infinity":182,"s:188:29:188:Infinity":183,"b:188:58:190:Infinity:189:58:190:Infinity":78,"s:188:58:190:Infinity":184,"s:189:29:189:Infinity":185,"b:189:58:190:Infinity:undefined:undefined:undefined:undefined":79,"s:189:58:190:Infinity":186,"s:190:30:190:Infinity":187,"b:192:4:199:Infinity:undefined:undefined:undefined:undefined":80,"s:192:4:199:Infinity":188,"s:194:19:194:Infinity":189,"b:195:6:198:Infinity:undefined:undefined:undefined:undefined":81,"s:195:6:198:Infinity":190,"b:196:8:197:Infinity:196:55:197:Infinity":82,"s:196:8:197:Infinity":191,"s:196:26:196:Infinity":192,"b:196:55:197:Infinity:undefined:undefined:undefined:undefined":83,"s:196:55:197:Infinity":193,"s:197:31:197:Infinity":194,"b:200:4:203:Infinity:undefined:undefined:undefined:undefined":84,"s:200:4:203:Infinity":195,"s:201:18:201:Infinity":196,"s:202:6:202:Infinity":197,"b:206:4:206:Infinity:undefined:undefined:undefined:undefined":85,"s:206:4:206:Infinity":198,"s:206:24:206:Infinity":199,"b:207:4:207:Infinity:undefined:undefined:undefined:undefined":86,"s:207:4:207:Infinity":200,"s:207:28:207:Infinity":201,"b:208:4:208:Infinity:undefined:undefined:undefined:undefined":87,"s:208:4:208:Infinity":202,"s:208:28:208:Infinity":203,"b:209:4:209:Infinity:undefined:undefined:undefined:undefined":88,"s:209:4:209:Infinity":204,"s:209:29:209:Infinity":205,"b:210:4:210:Infinity:undefined:undefined:undefined:undefined":89,"s:210:4:210:Infinity":206,"s:210:32:210:Infinity":207,"b:211:4:211:Infinity:undefined:undefined:undefined:undefined":90,"s:211:4:211:Infinity":208,"s:211:31:211:Infinity":209,"b:212:4:212:Infinity:undefined:undefined:undefined:undefined":91,"s:212:4:212:Infinity":210,"s:212:29:212:Infinity":211,"b:213:4:213:Infinity:undefined:undefined:undefined:undefined":92,"s:213:4:213:Infinity":212,"s:213:34:213:Infinity":213,"b:214:4:214:Infinity:undefined:undefined:undefined:undefined":93,"s:214:4:214:Infinity":214,"s:214:35:214:Infinity":215,"b:215:4:215:Infinity:undefined:undefined:undefined:undefined":94,"s:215:4:215:Infinity":216,"s:215:33:215:Infinity":217,"b:216:4:216:Infinity:undefined:undefined:undefined:undefined":95,"s:216:4:216:Infinity":218,"s:216:31:216:Infinity":219,"b:219:4:219:Infinity:undefined:undefined:undefined:undefined":96,"s:219:4:219:Infinity":220,"s:219:28:219:Infinity":221,"b:220:4:220:Infinity:undefined:undefined:undefined:undefined":97,"s:220:4:220:Infinity":222,"s:220:28:220:Infinity":223,"b:221:4:221:Infinity:undefined:undefined:undefined:undefined":98,"s:221:4:221:Infinity":224,"s:221:25:221:Infinity":225,"b:222:4:222:Infinity:undefined:undefined:undefined:undefined":99,"s:222:4:222:Infinity":226,"s:222:26:222:Infinity":227,"b:225:4:225:Infinity:undefined:undefined:undefined:undefined":100,"s:225:4:225:Infinity":228,"s:225:26:225:Infinity":229,"b:226:4:237:Infinity:undefined:undefined:undefined:undefined":101,"s:226:4:237:Infinity":230,"s:227:25:227:Infinity":231,"b:228:6:236:Infinity:228:51:236:Infinity":102,"s:228:6:236:Infinity":232,"s:228:30:228:Infinity":233,"b:228:51:236:Infinity:231:13:236:Infinity":103,"s:228:51:236:Infinity":234,"s:230:8:230:Infinity":235,"s:232:28:232:Infinity":236,"b:233:8:235:Infinity:undefined:undefined:undefined:undefined":104,"s:233:8:235:Infinity":237,"s:234:10:234:Infinity":238,"b:238:4:247:Infinity:undefined:undefined:undefined:undefined":105,"s:238:4:247:Infinity":239,"b:238:8:238:37:238:37:238:56":106,"s:239:20:239:Infinity":240,"b:240:6:246:Infinity:undefined:undefined:undefined:undefined":107,"s:240:6:246:Infinity":241,"s:241:26:241:Infinity":242,"s:242:28:242:Infinity":243,"b:243:8:245:Infinity:undefined:undefined:undefined:undefined":108,"s:243:8:245:Infinity":244,"s:244:10:244:Infinity":245,"b:250:4:256:Infinity:undefined:undefined:undefined:undefined":109,"s:250:4:256:Infinity":246,"s:251:6:251:Infinity":247,"s:252:6:252:Infinity":248,"s:253:6:253:Infinity":249,"s:254:6:254:Infinity":250,"s:255:6:255:Infinity":251,"b:259:4:259:Infinity:undefined:undefined:undefined:undefined":110,"s:259:4:259:Infinity":252,"s:259:32:259:Infinity":253,"b:260:4:264:Infinity:undefined:undefined:undefined:undefined":111,"s:260:4:264:Infinity":254,"s:261:21:261:Infinity":255,"b:262:6:263:Infinity:263:11:263:Infinity":112,"s:262:6:263:Infinity":256,"s:262:31:262:Infinity":257,"s:263:11:263:Infinity":258,"b:267:4:267:Infinity:undefined:undefined:undefined:undefined":113,"s:267:4:267:Infinity":259,"s:267:35:267:Infinity":260,"b:268:4:268:Infinity:undefined:undefined:undefined:undefined":114,"s:268:4:268:Infinity":261,"s:268:35:268:Infinity":262,"b:271:4:271:Infinity:undefined:undefined:undefined:undefined":115,"s:271:4:271:Infinity":263,"s:271:29:271:Infinity":264,"b:272:4:272:Infinity:undefined:undefined:undefined:undefined":116,"s:272:4:272:Infinity":265,"s:272:31:272:Infinity":266,"b:275:4:282:Infinity:undefined:undefined:undefined:undefined":117,"s:275:4:282:Infinity":267,"s:276:20:276:Infinity":268,"s:277:25:277:Infinity":269,"b:278:6:281:Infinity:undefined:undefined:undefined:undefined":118,"s:278:6:281:Infinity":270,"s:280:9:280:Infinity":271,"b:283:4:290:Infinity:undefined:undefined:undefined:undefined":119,"s:283:4:290:Infinity":272,"s:284:20:284:Infinity":273,"s:285:25:285:Infinity":274,"b:286:6:289:Infinity:undefined:undefined:undefined:undefined":120,"s:286:6:289:Infinity":275,"s:288:9:288:Infinity":276,"s:293:2:293:Infinity":277,"f:296:9:296:19":6,"b:297:2:297:Infinity:undefined:undefined:undefined:undefined":121,"s:297:2:297:Infinity":278,"b:297:6:297:15:297:15:297:28":122,"s:297:28:297:Infinity":279,"b:300:2:300:Infinity:undefined:undefined:undefined:undefined":123,"s:300:2:300:Infinity":280,"s:300:20:300:Infinity":281,"s:303:42:338:Infinity":282,"b:341:2:343:Infinity:undefined:undefined:undefined:undefined":124,"s:341:2:343:Infinity":283,"s:342:4:342:Infinity":284,"s:346:16:346:Infinity":285,"b:347:2:350:Infinity:undefined:undefined:undefined:undefined":125,"s:347:2:350:Infinity":286,"s:348:16:348:Infinity":287,"s:349:4:349:Infinity":288,"s:353:2:353:Infinity":289,"f:357:9:357:23":7,"s:358:43:397:Infinity":290,"s:399:2:399:Infinity":291,"b:399:9:399:28:399:28:399:Infinity":126}}}
,"/Users/sum37/2025/ee309/EE309_ver5/src/stores/canvasStore.ts": {"path":"/Users/sum37/2025/ee309/EE309_ver5/src/stores/canvasStore.ts","statementMap":{"0":{"start":{"line":58,"column":13},"end":{"line":117,"column":null}},"1":{"start":{"line":58,"column":65},"end":{"line":117,"column":2}},"2":{"start":{"line":60,"column":32},"end":{"line":60,"column":null}},"3":{"start":{"line":62,"column":34},"end":{"line":62,"column":null}},"4":{"start":{"line":64,"column":36},"end":{"line":64,"column":null}},"5":{"start":{"line":66,"column":46},"end":{"line":66,"column":null}},"6":{"start":{"line":68,"column":46},"end":{"line":68,"column":null}},"7":{"start":{"line":70,"column":36},"end":{"line":70,"column":null}},"8":{"start":{"line":73,"column":4},"end":{"line":81,"column":null}},"9":{"start":{"line":73,"column":20},"end":{"line":81,"column":6}},"10":{"start":{"line":85,"column":28},"end":{"line":85,"column":null}},"11":{"start":{"line":87,"column":29},"end":{"line":87,"column":null}},"12":{"start":{"line":89,"column":38},"end":{"line":89,"column":null}},"13":{"start":{"line":91,"column":40},"end":{"line":91,"column":null}},"14":{"start":{"line":96,"column":24},"end":{"line":96,"column":null}},"15":{"start":{"line":97,"column":4},"end":{"line":100,"column":null}},"16":{"start":{"line":98,"column":6},"end":{"line":98,"column":null}},"17":{"start":{"line":99,"column":6},"end":{"line":99,"column":null}},"18":{"start":{"line":101,"column":4},"end":{"line":101,"column":null}},"19":{"start":{"line":107,"column":4},"end":{"line":112,"column":null}},"20":{"start":{"line":107,"column":20},"end":{"line":112,"column":6}},"21":{"start":{"line":114,"column":18},"end":{"line":114,"column":null}},"22":{"start":{"line":115,"column":4},"end":{"line":115,"column":null}}},"fnMap":{"0":{"name":"(anonymous_0)","decl":{"start":{"line":58,"column":50},"end":{"line":58,"column":51}},"loc":{"start":{"line":58,"column":65},"end":{"line":117,"column":2}},"line":58},"1":{"name":"(anonymous_1)","decl":{"start":{"line":60,"column":24},"end":{"line":60,"column":25}},"loc":{"start":{"line":60,"column":32},"end":{"line":60,"column":null}},"line":60},"2":{"name":"(anonymous_2)","decl":{"start":{"line":62,"column":25},"end":{"line":62,"column":26}},"loc":{"start":{"line":62,"column":34},"end":{"line":62,"column":null}},"line":62},"3":{"name":"(anonymous_3)","decl":{"start":{"line":64,"column":26},"end":{"line":64,"column":27}},"loc":{"start":{"line":64,"column":36},"end":{"line":64,"column":null}},"line":64},"4":{"name":"(anonymous_4)","decl":{"start":{"line":66,"column":37},"end":{"line":66,"column":38}},"loc":{"start":{"line":66,"column":46},"end":{"line":66,"column":null}},"line":66},"5":{"name":"(anonymous_5)","decl":{"start":{"line":68,"column":34},"end":{"line":68,"column":35}},"loc":{"start":{"line":68,"column":46},"end":{"line":68,"column":null}},"line":68},"6":{"name":"(anonymous_6)","decl":{"start":{"line":70,"column":26},"end":{"line":70,"column":27}},"loc":{"start":{"line":70,"column":36},"end":{"line":70,"column":null}},"line":70},"7":{"name":"(anonymous_7)","decl":{"start":{"line":72,"column":25},"end":{"line":72,"column":26}},"loc":{"start":{"line":73,"column":4},"end":{"line":81,"column":null}},"line":73},"8":{"name":"(anonymous_8)","decl":{"start":{"line":73,"column":8},"end":{"line":73,"column":9}},"loc":{"start":{"line":73,"column":20},"end":{"line":81,"column":6}},"line":73},"9":{"name":"(anonymous_9)","decl":{"start":{"line":85,"column":18},"end":{"line":85,"column":19}},"loc":{"start":{"line":85,"column":28},"end":{"line":85,"column":null}},"line":85},"10":{"name":"(anonymous_10)","decl":{"start":{"line":87,"column":16},"end":{"line":87,"column":17}},"loc":{"start":{"line":87,"column":29},"end":{"line":87,"column":null}},"line":87},"11":{"name":"(anonymous_11)","decl":{"start":{"line":89,"column":24},"end":{"line":89,"column":25}},"loc":{"start":{"line":89,"column":38},"end":{"line":89,"column":null}},"line":89},"12":{"name":"(anonymous_12)","decl":{"start":{"line":91,"column":26},"end":{"line":91,"column":27}},"loc":{"start":{"line":91,"column":40},"end":{"line":91,"column":null}},"line":91},"13":{"name":"(anonymous_13)","decl":{"start":{"line":95,"column":17},"end":{"line":95,"column":23}},"loc":{"start":{"line":95,"column":23},"end":{"line":102,"column":null}},"line":95},"14":{"name":"(anonymous_14)","decl":{"start":{"line":97,"column":8},"end":{"line":97,"column":9}},"loc":{"start":{"line":97,"column":19},"end":{"line":100,"column":5}},"line":97},"15":{"name":"(anonymous_15)","decl":{"start":{"line":106,"column":18},"end":{"line":106,"column":19}},"loc":{"start":{"line":107,"column":4},"end":{"line":112,"column":null}},"line":107},"16":{"name":"(anonymous_16)","decl":{"start":{"line":107,"column":8},"end":{"line":107,"column":9}},"loc":{"start":{"line":107,"column":20},"end":{"line":112,"column":6}},"line":107},"17":{"name":"(anonymous_17)","decl":{"start":{"line":113,"column":19},"end":{"line":113,"column":20}},"loc":{"start":{"line":113,"column":51},"end":{"line":116,"column":null}},"line":113}},"branchMap":{"0":{"loc":{"start":{"line":115,"column":11},"end":{"line":115,"column":null}},"type":"binary-expr","locations":[{"start":{"line":115,"column":11},"end":{"line":115,"column":44}},{"start":{"line":115,"column":44},"end":{"line":115,"column":null}}],"line":115}},"s":{"0":1,"1":1,"2":2,"3":2,"4":3,"5":2,"6":2,"7":1,"8":3,"9":3,"10":9,"11":4,"12":4,"13":4,"14":3,"15":3,"16":3,"17":3,"18":3,"19":5,"20":5,"21":6,"22":6},"f":{"0":1,"1":2,"2":2,"3":3,"4":2,"5":2,"6":1,"7":3,"8":3,"9":9,"10":4,"11":4,"12":4,"13":3,"14":3,"15":5,"16":5,"17":6},"b":{"0":[6,3]},"meta":{"lastBranch":1,"lastFunction":18,"lastStatement":23,"seen":{"s:58:13:117:Infinity":0,"f:58:50:58:51":0,"s:58:65:117:2":1,"f:60:24:60:25":1,"s:60:32:60:Infinity":2,"f:62:25:62:26":2,"s:62:34:62:Infinity":3,"f:64:26:64:27":3,"s:64:36:64:Infinity":4,"f:66:37:66:38":4,"s:66:46:66:Infinity":5,"f:68:34:68:35":5,"s:68:46:68:Infinity":6,"f:70:26:70:27":6,"s:70:36:70:Infinity":7,"f:72:25:72:26":7,"s:73:4:81:Infinity":8,"f:73:8:73:9":8,"s:73:20:81:6":9,"f:85:18:85:19":9,"s:85:28:85:Infinity":10,"f:87:16:87:17":10,"s:87:29:87:Infinity":11,"f:89:24:89:25":11,"s:89:38:89:Infinity":12,"f:91:26:91:27":12,"s:91:40:91:Infinity":13,"f:95:17:95:23":13,"s:96:24:96:Infinity":14,"s:97:4:100:Infinity":15,"f:97:8:97:9":14,"s:98:6:98:Infinity":16,"s:99:6:99:Infinity":17,"s:101:4:101:Infinity":18,"f:106:18:106:19":15,"s:107:4:112:Infinity":19,"f:107:8:107:9":16,"s:107:20:112:6":20,"f:113:19:113:20":17,"s:114:18:114:Infinity":21,"s:115:4:115:Infinity":22,"b:115:11:115:44:115:44:115:Infinity":0}}}
,"/Users/sum37/2025/ee309/EE309_ver5/src/stores/projectStore.ts": {"path":"/Users/sum37/2025/ee309/EE309_ver5/src/stores/projectStore.ts","statementMap":{"0":{"start":{"line":10,"column":13},"end":{"line":15,"column":null}},"1":{"start":{"line":10,"column":62},"end":{"line":15,"column":2}},"2":{"start":{"line":12,"column":28},"end":{"line":12,"column":null}},"3":{"start":{"line":14,"column":29},"end":{"line":14,"column":null}}},"fnMap":{"0":{"name":"(anonymous_0)","decl":{"start":{"line":10,"column":52},"end":{"line":10,"column":53}},"loc":{"start":{"line":10,"column":62},"end":{"line":15,"column":2}},"line":10},"1":{"name":"(anonymous_1)","decl":{"start":{"line":12,"column":18},"end":{"line":12,"column":19}},"loc":{"start":{"line":12,"column":28},"end":{"line":12,"column":null}},"line":12},"2":{"name":"(anonymous_2)","decl":{"start":{"line":14,"column":19},"end":{"line":14,"column":20}},"loc":{"start":{"line":14,"column":29},"end":{"line":14,"column":null}},"line":14}},"branchMap":{},"s":{"0":1,"1":1,"2":2,"3":2},"f":{"0":1,"1":2,"2":2},"b":{},"meta":{"lastBranch":0,"lastFunction":3,"lastStatement":4,"seen":{"s:10:13:15:Infinity":0,"f:10:52:10:53":0,"s:10:62:15:2":1,"f:12:18:12:19":1,"s:12:28:12:Infinity":2,"f:14:19:14:20":2,"s:14:29:14:Infinity":3}}}
}
